#
# A fatal error has been detected by the Java Runtime Environment:
#
#  EXCEPTION_ACCESS_VIOLATION (0xc0000005) at pc=0x00007ffe90561cc2, pid=11968, tid=0x0000000000002ff0
#
# JRE version: OpenJDK Runtime Environment (8.0_402-b06) (build 1.8.0_402-b06)
# Java VM: OpenJDK 64-Bit Server VM (25.402-b06 mixed mode windows-amd64 compressed oops)
# Problematic frame:
# C  [atio6axx.dll+0x131cc2]
#
# Failed to write core dump. Minidumps are not enabled by default on client versions of Windows
#
# If you would like to submit a bug report, please visit:
#   https://github.com/adoptium/adoptium-support/issues
# The crash happened outside the Java Virtual Machine in native code.
# See problematic frame for where to report the bug.
#

---------------  T H R E A D  ---------------

Current thread (0x00000230edc95800):  JavaThread "LWJGL Application" [_thread_in_native, id=12272, stack(0x00000059ba700000,0x00000059ba800000)]

siginfo: ExceptionCode=0xc0000005, writing address 0x0000000000000060

Registers:
RAX=0x0000000000000000, RBX=0x0000000000000000, RCX=0x00007ffe90f4d410, RDX=0x0000000000000000
RSP=0x00000059ba7fddc0, RBP=0x0000000000000012, RSI=0x00000059ba7fdfc0, RDI=0x00007ffe93e5c460
R8 =0x00000230eda35401, R9 =0x0000000000000001, R10=0x00000230d3400000, R11=0x00000059ba7fdc80
R12=0x00007ffee303bf24, R13=0x0000000000000008, R14=0x00007ffef2e954a0, R15=0x00007ffee303c14c
RIP=0x00007ffe90561cc2, EFLAGS=0x0000000000010206

Top of Stack: (sp=0x00000059ba7fddc0)
0x00000059ba7fddc0:   0000000000000000 0000000000000000
0x00000059ba7fddd0:   00007ffe93e07030 00007ffee303bf24
0x00000059ba7fdde0:   00007ffe93e5c460 00000059ba7fdfc0
0x00000059ba7fddf0:   0000000000000012 00007ffe92423dfc
0x00000059ba7fde00:   0000000000000000 0000000000000028
0x00000059ba7fde10:   34303933425c6363 366f6974615c0000
0x00000059ba7fde20:   0000000000000028 00007ffe9245378c
0x00000059ba7fde30:   0000000000000000 0000000000000000
0x00000059ba7fde40:   000067fdb625fa07 00007fff50c43320
0x00000059ba7fde50:   00007ffe93e5c460 00007ffe90561b07
0x00000059ba7fde60:   0000000000000000 0000000000000012
0x00000059ba7fde70:   00000059ba7fdfc0 0000000000000000
0x00000059ba7fde80:   00007ffe93e5c458 00007ffe90561775
0x00000059ba7fde90:   00007ffe93e5c460 0000000000000000
0x00000059ba7fdea0:   00000230ee3b62d0 00000059ba7fdfc0
0x00000059ba7fdeb0:   0000000000000009 00007ffe9055b884 

Instructions: (pc=0x00007ffe90561cc2)
0x00007ffe90561ca2:   8d 0d 60 a9 8f 03 e8 83 9c 34 00 b1 01 e8 0c 8c
0x00007ffe90561cb2:   9e 00 48 89 05 fd a7 8f 03 48 8d 0d 4e b7 9e 00
0x00007ffe90561cc2:   48 89 48 60 48 8d 44 24 20 48 89 44 24 58 48 8b
0x00007ffe90561cd2:   05 b1 a3 89 03 4c 8b 10 ba 78 00 00 00 33 c9 41 


Register to memory mapping:

RAX=0x0000000000000000 is an unknown value
RBX=0x0000000000000000 is an unknown value
RCX=0x00007ffe90f4d410 is an unknown value
RDX=0x0000000000000000 is an unknown value
RSP=0x00000059ba7fddc0 is pointing into the stack for thread: 0x00000230edc95800
RBP=0x0000000000000012 is an unknown value
RSI=0x00000059ba7fdfc0 is pointing into the stack for thread: 0x00000230edc95800
RDI=0x00007ffe93e5c460 is an unknown value
R8 =0x00000230eda35401 is an unknown value
R9 =0x0000000000000001 is an unknown value
R10=0x00000230d3400000 is an unknown value
R11=0x00000059ba7fdc80 is pointing into the stack for thread: 0x00000230edc95800
R12=0x00007ffee303bf24 is an unknown value
R13=0x0000000000000008 is an unknown value
R14=0x00007ffef2e954a0 is an unknown value
R15=0x00007ffee303c14c is an unknown value


Stack: [0x00000059ba700000,0x00000059ba800000],  sp=0x00000059ba7fddc0,  free space=1015k
Native frames: (J=compiled Java code, j=interpreted, Vv=VM code, C=native code)
C  [atio6axx.dll+0x131cc2]
C  [atio6axx.dll+0x131b07]
C  [atio6axx.dll+0x131775]
C  [atio6axx.dll+0x12b884]
C  [atig6pxx.dll+0xc18c]
C  [OPENGL32.dll+0x23047]
C  [OPENGL32.dll+0x21b1f]
C  [OPENGL32.dll+0x254e4]
C  [OPENGL32.dll+0x4163a]
C  [OPENGL32.dll+0x413d9]
C  [OPENGL32.dll+0x41053]
C  [gdi32full.dll+0x53bd3]
C  [lwjgl64.dll+0x2aef]
C  [lwjgl64.dll+0x2c90]
C  [lwjgl64.dll+0x314e]
C  [lwjgl64.dll+0xe431]
C  0x00000230d4d2964e

Java frames: (J=compiled Java code, j=interpreted, Vv=VM code)
j  org.lwjgl.opengl.WindowsPeerInfo.nChoosePixelFormat(JIILorg/lwjgl/opengl/PixelFormat;Ljava/nio/IntBuffer;ZZZZ)I+0
j  org.lwjgl.opengl.WindowsPeerInfo.choosePixelFormat(JIILorg/lwjgl/opengl/PixelFormat;Ljava/nio/IntBuffer;ZZZZ)I+15
j  org.lwjgl.opengl.WindowsDisplay.createWindow(Lorg/lwjgl/opengl/DrawableLWJGL;Lorg/lwjgl/opengl/DisplayMode;Ljava/awt/Canvas;II)V+205
j  org.lwjgl.opengl.Display.createWindow()V+71
j  org.lwjgl.opengl.Display.create(Lorg/lwjgl/opengl/PixelFormat;Lorg/lwjgl/opengl/Drawable;Lorg/lwjgl/opengl/ContextAttribs;)V+72
j  org.lwjgl.opengl.Display.create(Lorg/lwjgl/opengl/PixelFormat;)V+12
j  com.badlogic.gdx.backends.lwjgl.LwjglGraphics.createDisplayPixelFormat(ZII)V+243
j  com.badlogic.gdx.backends.lwjgl.LwjglGraphics.setupDisplay()V+575
j  com.badlogic.gdx.backends.lwjgl.LwjglApplication.mainLoop()V+9
j  com.badlogic.gdx.backends.lwjgl.LwjglApplication$1.run()V+27
v  ~StubRoutines::call_stub

---------------  P R O C E S S  ---------------

Java Threads: ( => current thread )
=>0x00000230edc95800 JavaThread "LWJGL Application" [_thread_in_native, id=12272, stack(0x00000059ba700000,0x00000059ba800000)]
  0x00000230ec00d800 JavaThread "com.google.inject.internal.util.$Finalizer" daemon [_thread_blocked, id=20236, stack(0x00000059ba200000,0x00000059ba300000)]
  0x00000230ec1ad000 JavaThread "EMF Reference Cleaner" daemon [_thread_blocked, id=5788, stack(0x00000059ba100000,0x00000059ba200000)]
  0x00000230eb0ad800 JavaThread "Service Thread" daemon [_thread_blocked, id=12584, stack(0x00000059b9f00000,0x00000059ba000000)]
  0x00000230eb070000 JavaThread "C1 CompilerThread11" daemon [_thread_blocked, id=36216, stack(0x00000059b9e00000,0x00000059b9f00000)]
  0x00000230eb065000 JavaThread "C1 CompilerThread10" daemon [_thread_blocked, id=34868, stack(0x00000059b9d00000,0x00000059b9e00000)]
  0x00000230eb05c800 JavaThread "C1 CompilerThread9" daemon [_thread_blocked, id=10988, stack(0x00000059b9c00000,0x00000059b9d00000)]
  0x00000230eb059800 JavaThread "C1 CompilerThread8" daemon [_thread_blocked, id=35920, stack(0x00000059b9b00000,0x00000059b9c00000)]
  0x00000230eb041000 JavaThread "C2 CompilerThread7" daemon [_thread_blocked, id=35772, stack(0x00000059b9a00000,0x00000059b9b00000)]
  0x00000230eb034800 JavaThread "C2 CompilerThread6" daemon [_thread_blocked, id=19992, stack(0x00000059b9900000,0x00000059b9a00000)]
  0x00000230eb024000 JavaThread "C2 CompilerThread5" daemon [_thread_blocked, id=26600, stack(0x00000059b9800000,0x00000059b9900000)]
  0x00000230eb001000 JavaThread "C2 CompilerThread4" daemon [_thread_blocked, id=17936, stack(0x00000059b9700000,0x00000059b9800000)]
  0x00000230eafc0000 JavaThread "C2 CompilerThread3" daemon [_thread_blocked, id=9732, stack(0x00000059b9600000,0x00000059b9700000)]
  0x00000230eafbc000 JavaThread "C2 CompilerThread2" daemon [_thread_blocked, id=32988, stack(0x00000059b9500000,0x00000059b9600000)]
  0x00000230eafbb800 JavaThread "C2 CompilerThread1" daemon [_thread_blocked, id=23172, stack(0x00000059b9400000,0x00000059b9500000)]
  0x00000230eafc2800 JavaThread "C2 CompilerThread0" daemon [_thread_blocked, id=18868, stack(0x00000059b9300000,0x00000059b9400000)]
  0x00000230eafb7000 JavaThread "Attach Listener" daemon [_thread_blocked, id=35044, stack(0x00000059b9200000,0x00000059b9300000)]
  0x00000230eafb2800 JavaThread "Signal Dispatcher" daemon [_thread_blocked, id=29632, stack(0x00000059b9100000,0x00000059b9200000)]
  0x00000230e82b9800 JavaThread "Finalizer" daemon [_thread_blocked, id=20724, stack(0x00000059b9000000,0x00000059b9100000)]
  0x00000230eaf90800 JavaThread "Reference Handler" daemon [_thread_blocked, id=27260, stack(0x00000059b8f00000,0x00000059b9000000)]
  0x00000230d344b800 JavaThread "main" [_thread_blocked, id=36352, stack(0x00000059b8000000,0x00000059b8100000)]

Other Threads:
  0x00000230e82aa800 VMThread [stack: 0x00000059b8e00000,0x00000059b8f00000] [id=23664]
  0x00000230eb0a0800 WatcherThread [stack: 0x00000059ba000000,0x00000059ba100000] [id=35916]

VM state:not at safepoint (normal execution)

VM Mutex/Monitor currently owned by a thread: None

heap address: 0x00000000a2200000, size: 1502 MB, Compressed Oops mode: 32-bit
Narrow klass base: 0x0000000000000000, Narrow klass shift: 3
Compressed class space size: 1073741824 Address: 0x0000000100000000

Heap:
 PSYoungGen      total 111616K, used 9235K [0x00000000e0b80000, 0x00000000e8680000, 0x0000000100000000)
  eden space 98304K, 9% used [0x00000000e0b80000,0x00000000e1484fd8,0x00000000e6b80000)
  from space 13312K, 0% used [0x00000000e7980000,0x00000000e7980000,0x00000000e8680000)
  to   space 13824K, 0% used [0x00000000e6b80000,0x00000000e6b80000,0x00000000e7900000)
 ParOldGen       total 70144K, used 23023K [0x00000000a2200000, 0x00000000a6680000, 0x00000000e0b80000)
  object space 70144K, 32% used [0x00000000a2200000,0x00000000a387bc88,0x00000000a6680000)
 Metaspace       used 22026K, capacity 22302K, committed 22656K, reserved 1069056K
  class space    used 2753K, capacity 2819K, committed 2944K, reserved 1048576K

Card table byte_map: [0x00000230e40d0000,0x00000230e43c0000] byte_map_base: 0x00000230e3bbf000

Marking Bits: (ParMarkBitMap*) 0x0000000075300850
 Begin Bits: [0x00000230e45c0000, 0x00000230e5d38000)
 End Bits:   [0x00000230e5d38000, 0x00000230e74b0000)

Polling page: 0x00000230d33c0000

CodeCache: size=245760Kb used=12585Kb max_used=12603Kb free=233174Kb
 bounds [0x00000230d4d10000, 0x00000230d5970000, 0x00000230e3d10000]
 total_blobs=3714 nmethods=3250 adapters=373
 compilation: enabled

Compilation events (10 events):
Event: 3.577 Thread 0x00000230eafbc000 nmethod 3247 0x00000230d5905190 code [0x00000230d59052c0, 0x00000230d5905358]
Event: 3.590 Thread 0x00000230eb001000 nmethod 2954 0x00000230d5927c50 code [0x00000230d5928100, 0x00000230d592c038]
Event: 3.608 Thread 0x00000230eafbb800 nmethod 3034 0x00000230d593bc10 code [0x00000230d593c4c0, 0x00000230d5942020]
Event: 3.653 Thread 0x00000230eb024000 nmethod 3043 0x00000230d5953090 code [0x00000230d5953a60, 0x00000230d5959118]
Event: 4.060 Thread 0x00000230eb070000 3248       3       sun.reflect.UnsafeStaticFieldAccessorImpl::<init> (17 bytes)
Event: 4.061 Thread 0x00000230eb070000 nmethod 3248 0x00000230d593b0d0 code [0x00000230d593b240, 0x00000230d593b4c0]
Event: 4.061 Thread 0x00000230eb034800 3249       4       java.lang.Integer::valueOf (32 bytes)
Event: 4.062 Thread 0x00000230eb034800 nmethod 3249 0x00000230d5938150 code [0x00000230d59382a0, 0x00000230d5938378]
Event: 4.063 Thread 0x00000230eb059800 3250   !   3       java.lang.Package::getSystemPackage (63 bytes)
Event: 4.064 Thread 0x00000230eb059800 nmethod 3250 0x00000230d593a110 code [0x00000230d593a300, 0x00000230d593abe0]

GC Heap History (10 events):
Event: 1.186 GC heap before
{Heap before GC invocations=3 (full 0):
 PSYoungGen      total 28160K, used 28134K [0x00000000e0b80000, 0x00000000e4280000, 0x0000000100000000)
  eden space 24576K, 100% used [0x00000000e0b80000,0x00000000e2380000,0x00000000e2380000)
  from space 3584K, 99% used [0x00000000e2700000,0x00000000e2a79878,0x00000000e2a80000)
  to   space 3584K, 0% used [0x00000000e2380000,0x00000000e2380000,0x00000000e2700000)
 ParOldGen       total 64512K, used 3320K [0x00000000a2200000, 0x00000000a6100000, 0x00000000e0b80000)
  object space 64512K, 5% used [0x00000000a2200000,0x00000000a253e040,0x00000000a6100000)
 Metaspace       used 10575K, capacity 10744K, committed 10880K, reserved 1058816K
  class space    used 1246K, capacity 1320K, committed 1408K, reserved 1048576K
Event: 1.193 GC heap after
Heap after GC invocations=3 (full 0):
 PSYoungGen      total 28160K, used 3574K [0x00000000e0b80000, 0x00000000e4280000, 0x0000000100000000)
  eden space 24576K, 0% used [0x00000000e0b80000,0x00000000e0b80000,0x00000000e2380000)
  from space 3584K, 99% used [0x00000000e2380000,0x00000000e26fd898,0x00000000e2700000)
  to   space 3584K, 0% used [0x00000000e3f00000,0x00000000e3f00000,0x00000000e4280000)
 ParOldGen       total 64512K, used 7511K [0x00000000a2200000, 0x00000000a6100000, 0x00000000e0b80000)
  object space 64512K, 11% used [0x00000000a2200000,0x00000000a2955c00,0x00000000a6100000)
 Metaspace       used 10575K, capacity 10744K, committed 10880K, reserved 1058816K
  class space    used 1246K, capacity 1320K, committed 1408K, reserved 1048576K
}
Event: 1.747 GC heap before
{Heap before GC invocations=4 (full 0):
 PSYoungGen      total 28160K, used 28150K [0x00000000e0b80000, 0x00000000e4280000, 0x0000000100000000)
  eden space 24576K, 100% used [0x00000000e0b80000,0x00000000e2380000,0x00000000e2380000)
  from space 3584K, 99% used [0x00000000e2380000,0x00000000e26fd898,0x00000000e2700000)
  to   space 3584K, 0% used [0x00000000e3f00000,0x00000000e3f00000,0x00000000e4280000)
 ParOldGen       total 64512K, used 7511K [0x00000000a2200000, 0x00000000a6100000, 0x00000000e0b80000)
  object space 64512K, 11% used [0x00000000a2200000,0x00000000a2955c00,0x00000000a6100000)
 Metaspace       used 13587K, capacity 13796K, committed 14080K, reserved 1060864K
  class space    used 1670K, capacity 1738K, committed 1792K, reserved 1048576K
Event: 1.753 GC heap after
Heap after GC invocations=4 (full 0):
 PSYoungGen      total 52736K, used 3553K [0x00000000e0b80000, 0x00000000e4280000, 0x0000000100000000)
  eden space 49152K, 0% used [0x00000000e0b80000,0x00000000e0b80000,0x00000000e3b80000)
  from space 3584K, 99% used [0x00000000e3f00000,0x00000000e4278460,0x00000000e4280000)
  to   space 3584K, 0% used [0x00000000e3b80000,0x00000000e3b80000,0x00000000e3f00000)
 ParOldGen       total 64512K, used 12825K [0x00000000a2200000, 0x00000000a6100000, 0x00000000e0b80000)
  object space 64512K, 19% used [0x00000000a2200000,0x00000000a2e865a8,0x00000000a6100000)
 Metaspace       used 13587K, capacity 13796K, committed 14080K, reserved 1060864K
  class space    used 1670K, capacity 1738K, committed 1792K, reserved 1048576K
}
Event: 3.078 GC heap before
{Heap before GC invocations=5 (full 0):
 PSYoungGen      total 52736K, used 52705K [0x00000000e0b80000, 0x00000000e4280000, 0x0000000100000000)
  eden space 49152K, 100% used [0x00000000e0b80000,0x00000000e3b80000,0x00000000e3b80000)
  from space 3584K, 99% used [0x00000000e3f00000,0x00000000e4278460,0x00000000e4280000)
  to   space 3584K, 0% used [0x00000000e3b80000,0x00000000e3b80000,0x00000000e3f00000)
 ParOldGen       total 64512K, used 12825K [0x00000000a2200000, 0x00000000a6100000, 0x00000000e0b80000)
  object space 64512K, 19% used [0x00000000a2200000,0x00000000a2e865a8,0x00000000a6100000)
 Metaspace       used 19510K, capacity 19754K, committed 20096K, reserved 1067008K
  class space    used 2481K, capacity 2583K, committed 2688K, reserved 1048576K
Event: 3.087 GC heap after
Heap after GC invocations=5 (full 0):
 PSYoungGen      total 52736K, used 3579K [0x00000000e0b80000, 0x00000000e8780000, 0x0000000100000000)
  eden space 49152K, 0% used [0x00000000e0b80000,0x00000000e0b80000,0x00000000e3b80000)
  from space 3584K, 99% used [0x00000000e3b80000,0x00000000e3efec28,0x00000000e3f00000)
  to   space 14336K, 0% used [0x00000000e7980000,0x00000000e7980000,0x00000000e8780000)
 ParOldGen       total 64512K, used 23041K [0x00000000a2200000, 0x00000000a6100000, 0x00000000e0b80000)
  object space 64512K, 35% used [0x00000000a2200000,0x00000000a3880660,0x00000000a6100000)
 Metaspace       used 19510K, capacity 19754K, committed 20096K, reserved 1067008K
  class space    used 2481K, capacity 2583K, committed 2688K, reserved 1048576K
}
Event: 3.433 GC heap before
{Heap before GC invocations=6 (full 0):
 PSYoungGen      total 52736K, used 22109K [0x00000000e0b80000, 0x00000000e8780000, 0x0000000100000000)
  eden space 49152K, 37% used [0x00000000e0b80000,0x00000000e1d98b50,0x00000000e3b80000)
  from space 3584K, 99% used [0x00000000e3b80000,0x00000000e3efec28,0x00000000e3f00000)
  to   space 14336K, 0% used [0x00000000e7980000,0x00000000e7980000,0x00000000e8780000)
 ParOldGen       total 64512K, used 23041K [0x00000000a2200000, 0x00000000a6100000, 0x00000000e0b80000)
  object space 64512K, 35% used [0x00000000a2200000,0x00000000a3880660,0x00000000a6100000)
 Metaspace       used 20818K, capacity 21054K, committed 21248K, reserved 1067008K
  class space    used 2627K, capacity 2723K, committed 2816K, reserved 1048576K
Event: 3.439 GC heap after
Heap after GC invocations=6 (full 0):
 PSYoungGen      total 111616K, used 6437K [0x00000000e0b80000, 0x00000000e8680000, 0x0000000100000000)
  eden space 98304K, 0% used [0x00000000e0b80000,0x00000000e0b80000,0x00000000e6b80000)
  from space 13312K, 48% used [0x00000000e7980000,0x00000000e7fc96e8,0x00000000e8680000)
  to   space 13824K, 0% used [0x00000000e6b80000,0x00000000e6b80000,0x00000000e7900000)
 ParOldGen       total 64512K, used 23049K [0x00000000a2200000, 0x00000000a6100000, 0x00000000e0b80000)
  object space 64512K, 35% used [0x00000000a2200000,0x00000000a3882660,0x00000000a6100000)
 Metaspace       used 20818K, capacity 21054K, committed 21248K, reserved 1067008K
  class space    used 2627K, capacity 2723K, committed 2816K, reserved 1048576K
}
Event: 3.439 GC heap before
{Heap before GC invocations=7 (full 1):
 PSYoungGen      total 111616K, used 6437K [0x00000000e0b80000, 0x00000000e8680000, 0x0000000100000000)
  eden space 98304K, 0% used [0x00000000e0b80000,0x00000000e0b80000,0x00000000e6b80000)
  from space 13312K, 48% used [0x00000000e7980000,0x00000000e7fc96e8,0x00000000e8680000)
  to   space 13824K, 0% used [0x00000000e6b80000,0x00000000e6b80000,0x00000000e7900000)
 ParOldGen       total 64512K, used 23049K [0x00000000a2200000, 0x00000000a6100000, 0x00000000e0b80000)
  object space 64512K, 35% used [0x00000000a2200000,0x00000000a3882660,0x00000000a6100000)
 Metaspace       used 20818K, capacity 21054K, committed 21248K, reserved 1067008K
  class space    used 2627K, capacity 2723K, committed 2816K, reserved 1048576K
Event: 3.486 GC heap after
Heap after GC invocations=7 (full 1):
 PSYoungGen      total 111616K, used 0K [0x00000000e0b80000, 0x00000000e8680000, 0x0000000100000000)
  eden space 98304K, 0% used [0x00000000e0b80000,0x00000000e0b80000,0x00000000e6b80000)
  from space 13312K, 0% used [0x00000000e7980000,0x00000000e7980000,0x00000000e8680000)
  to   space 13824K, 0% used [0x00000000e6b80000,0x00000000e6b80000,0x00000000e7900000)
 ParOldGen       total 70144K, used 23023K [0x00000000a2200000, 0x00000000a6680000, 0x00000000e0b80000)
  object space 70144K, 32% used [0x00000000a2200000,0x00000000a387bc88,0x00000000a6680000)
 Metaspace       used 20818K, capacity 21054K, committed 21248K, reserved 1067008K
  class space    used 2627K, capacity 2723K, committed 2816K, reserved 1048576K
}

Deoptimization events (10 events):
Event: 3.183 Thread 0x00000230d344b800 Uncommon trap: reason=class_check action=maybe_recompile pc=0x00000230d564a2a8 method=org.eclipse.xtext.nodemodel.impl.NodeModelBuilder.addChild(Lorg/eclipse/xtext/nodemodel/ICompositeNode;Lorg/eclipse/xtext/nodemodel/impl/AbstractNode;)V @ 6
Event: 3.190 Thread 0x00000230d344b800 Uncommon trap: reason=unstable_if action=reinterpret pc=0x00000230d57a19b0 method=org.uqbar.project.wollok.parser.antlr.internal.InternalWollokDslLexer.mRULE_ML_COMMENT()V @ 66
Event: 3.190 Thread 0x00000230d344b800 Uncommon trap: reason=class_check action=maybe_recompile pc=0x00000230d564a2a8 method=org.eclipse.xtext.nodemodel.impl.NodeModelBuilder.addChild(Lorg/eclipse/xtext/nodemodel/ICompositeNode;Lorg/eclipse/xtext/nodemodel/impl/AbstractNode;)V @ 6
Event: 3.190 Thread 0x00000230d344b800 Uncommon trap: reason=unstable_if action=reinterpret pc=0x00000230d56b86a0 method=java.util.HashMap.computeIfAbsent(Ljava/lang/Object;Ljava/util/function/Function;)Ljava/lang/Object; @ 44
Event: 3.203 Thread 0x00000230d344b800 Uncommon trap: reason=class_check action=maybe_recompile pc=0x00000230d564a2a8 method=org.eclipse.xtext.nodemodel.impl.NodeModelBuilder.addChild(Lorg/eclipse/xtext/nodemodel/ICompositeNode;Lorg/eclipse/xtext/nodemodel/impl/AbstractNode;)V @ 6
Event: 3.205 Thread 0x00000230d344b800 Uncommon trap: reason=class_check action=maybe_recompile pc=0x00000230d564aac8 method=org.eclipse.xtext.nodemodel.impl.NodeModelBuilder.addChild(Lorg/eclipse/xtext/nodemodel/ICompositeNode;Lorg/eclipse/xtext/nodemodel/impl/AbstractNode;)V @ 6
Event: 3.307 Thread 0x00000230d344b800 Uncommon trap: reason=unstable_if action=reinterpret pc=0x00000230d540f688 method=java.util.concurrent.ConcurrentHashMap.putVal(Ljava/lang/Object;Ljava/lang/Object;Z)Ljava/lang/Object; @ 181
Event: 3.528 Thread 0x00000230d344b800 Uncommon trap: reason=unstable_if action=reinterpret pc=0x00000230d589d298 method=java.io.WinNTFileSystem.normalize(Ljava/lang/String;)Ljava/lang/String; @ 49
Event: 3.592 Thread 0x00000230d344b800 Uncommon trap: reason=null_check action=make_not_entrant pc=0x00000230d52881a4 method=java.lang.StringCoding.deref(Ljava/lang/ThreadLocal;)Ljava/lang/Object; @ 4
Event: 3.604 Thread 0x00000230d344b800 Uncommon trap: reason=predicate action=maybe_recompile pc=0x00000230d53532c0 method=java.lang.String.regionMatches(ZILjava/lang/String;II)Z @ 63

Classes redefined (0 events):
No events

Internal exceptions (10 events):
Event: 3.190 Thread 0x00000230d344b800 Implicit null exception at 0x00000230d56b78e0 to 0x00000230d56b8671
Event: 3.204 Thread 0x00000230d344b800 Exception <a 'java/io/FileNotFoundException'> (0x00000000e1043398) thrown at [E:\Jenkins\workspace\temp\workspace\build\src\hotspot\src\share\vm\prims\jni.cpp, line 709]
Event: 3.209 Thread 0x00000230d344b800 Exception <a 'java/io/FileNotFoundException'> (0x00000000e1066128) thrown at [E:\Jenkins\workspace\temp\workspace\build\src\hotspot\src\share\vm\prims\jni.cpp, line 709]
Event: 3.592 Thread 0x00000230d344b800 Exception <a 'java/security/PrivilegedActionException'> (0x00000000e0f3c9d8) thrown at [E:\Jenkins\workspace\temp\workspace\build\src\hotspot\src\share\vm\prims\jvm.cpp, line 1514]
Event: 3.592 Thread 0x00000230d344b800 Exception <a 'java/security/PrivilegedActionException'> (0x00000000e0f3df20) thrown at [E:\Jenkins\workspace\temp\workspace\build\src\hotspot\src\share\vm\prims\jvm.cpp, line 1514]
Event: 3.592 Thread 0x00000230d344b800 Exception <a 'java/security/PrivilegedActionException'> (0x00000000e0f3f350) thrown at [E:\Jenkins\workspace\temp\workspace\build\src\hotspot\src\share\vm\prims\jvm.cpp, line 1514]
Event: 3.592 Thread 0x00000230d344b800 Exception <a 'java/security/PrivilegedActionException'> (0x00000000e0f40a10) thrown at [E:\Jenkins\workspace\temp\workspace\build\src\hotspot\src\share\vm\prims\jvm.cpp, line 1514]
Event: 3.592 Thread 0x00000230d344b800 Exception <a 'java/security/PrivilegedActionException'> (0x00000000e0f41e08) thrown at [E:\Jenkins\workspace\temp\workspace\build\src\hotspot\src\share\vm\prims\jvm.cpp, line 1514]
Event: 3.592 Thread 0x00000230d344b800 Exception <a 'java/security/PrivilegedActionException'> (0x00000000e0f431d0) thrown at [E:\Jenkins\workspace\temp\workspace\build\src\hotspot\src\share\vm\prims\jvm.cpp, line 1514]
Event: 3.592 Thread 0x00000230d344b800 Implicit null exception at 0x00000230d52880bb to 0x00000230d5288199

Events (10 events):
Event: 4.111 loading class org/lwjgl/opengl/Display$4
Event: 4.111 loading class org/lwjgl/opengl/Display$4 done
Event: 4.112 loading class org/lwjgl/opengl/GLContext
Event: 4.112 loading class org/lwjgl/opengl/GLContext done
Event: 4.113 loading class org/lwjgl/opengl/GLContext$CapabilitiesCacheEntry
Event: 4.113 loading class org/lwjgl/opengl/GLContext$CapabilitiesCacheEntry done
Event: 4.114 loading class org/lwjgl/opengl/Display$7
Event: 4.114 loading class org/lwjgl/opengl/Display$7 done
Event: 4.199 Executing VM operation: EnableBiasedLocking
Event: 4.199 Executing VM operation: EnableBiasedLocking done


Dynamic libraries:
0x00007ff727970000 - 0x00007ff7279c1000 	C:\Program Files\Eclipse Adoptium\jdk-8.0.402.6-hotspot\bin\javaw.exe
0x00007fff50bf0000 - 0x00007fff50e06000 	C:\WINDOWS\SYSTEM32\ntdll.dll
0x00007fff506c0000 - 0x00007fff50784000 	C:\WINDOWS\System32\KERNEL32.DLL
0x00007fff4e400000 - 0x00007fff4e7a7000 	C:\WINDOWS\System32\KERNELBASE.dll
0x00007fff4ef00000 - 0x00007fff4efb2000 	C:\WINDOWS\System32\ADVAPI32.dll
0x00007fff50a70000 - 0x00007fff50b17000 	C:\WINDOWS\System32\msvcrt.dll
0x00007fff4f8e0000 - 0x00007fff4f988000 	C:\WINDOWS\System32\sechost.dll
0x00007fff4e280000 - 0x00007fff4e2a8000 	C:\WINDOWS\System32\bcrypt.dll
0x00007fff4fe70000 - 0x00007fff4ff85000 	C:\WINDOWS\System32\RPCRT4.dll
0x00007fff50790000 - 0x00007fff5093e000 	C:\WINDOWS\System32\USER32.dll
0x00007fff4e3d0000 - 0x00007fff4e3f6000 	C:\WINDOWS\System32\win32u.dll
0x00007fff4eae0000 - 0x00007fff4eb09000 	C:\WINDOWS\System32\GDI32.dll
0x00007fff4e2b0000 - 0x00007fff4e3c9000 	C:\WINDOWS\System32\gdi32full.dll
0x00007fff4e1e0000 - 0x00007fff4e27a000 	C:\WINDOWS\System32\msvcp_win.dll
0x00007fff4e0c0000 - 0x00007fff4e1d1000 	C:\WINDOWS\System32\ucrtbase.dll
0x00007fff30820000 - 0x00007fff30ab3000 	C:\WINDOWS\WinSxS\amd64_microsoft.windows.common-controls_6595b64144ccf1df_6.0.22621.3235_none_270f74e173860f98\COMCTL32.dll
0x00007fff4fe10000 - 0x00007fff4fe41000 	C:\WINDOWS\System32\IMM32.DLL
0x00007fff3cba0000 - 0x00007fff3cbb5000 	C:\Program Files\Eclipse Adoptium\jdk-8.0.402.6-hotspot\jre\bin\vcruntime140.dll
0x00007fff3ca00000 - 0x00007fff3ca9b000 	C:\Program Files\Eclipse Adoptium\jdk-8.0.402.6-hotspot\jre\bin\msvcp140.dll
0x0000000074b20000 - 0x0000000075379000 	C:\Program Files\Eclipse Adoptium\jdk-8.0.402.6-hotspot\jre\bin\server\jvm.dll
0x00007fff4ed90000 - 0x00007fff4ed98000 	C:\WINDOWS\System32\PSAPI.DLL
0x00007fff44340000 - 0x00007fff4434a000 	C:\WINDOWS\SYSTEM32\VERSION.dll
0x00007fff45160000 - 0x00007fff45194000 	C:\WINDOWS\SYSTEM32\WINMM.dll
0x00007fff47d80000 - 0x00007fff47d89000 	C:\WINDOWS\SYSTEM32\WSOCK32.dll
0x00007fff50b20000 - 0x00007fff50b91000 	C:\WINDOWS\System32\WS2_32.dll
0x00007fff4cf20000 - 0x00007fff4cf38000 	C:\WINDOWS\SYSTEM32\kernel.appcore.dll
0x00007fff47c00000 - 0x00007fff47c10000 	C:\Program Files\Eclipse Adoptium\jdk-8.0.402.6-hotspot\jre\bin\verify.dll
0x00007fff3efa0000 - 0x00007fff3efcb000 	C:\Program Files\Eclipse Adoptium\jdk-8.0.402.6-hotspot\jre\bin\java.dll
0x00007fff449d0000 - 0x00007fff449e8000 	C:\Program Files\Eclipse Adoptium\jdk-8.0.402.6-hotspot\jre\bin\zip.dll
0x00007fff4efd0000 - 0x00007fff4f82c000 	C:\WINDOWS\System32\SHELL32.dll
0x00007fff4be20000 - 0x00007fff4c719000 	C:\WINDOWS\SYSTEM32\windows.storage.dll
0x00007fff4fa80000 - 0x00007fff4fe08000 	C:\WINDOWS\System32\combase.dll
0x00007fff4bb80000 - 0x00007fff4bcbe000 	C:\WINDOWS\SYSTEM32\wintypes.dll
0x00007fff4eb70000 - 0x00007fff4ec63000 	C:\WINDOWS\System32\SHCORE.dll
0x00007fff50a10000 - 0x00007fff50a6e000 	C:\WINDOWS\System32\shlwapi.dll
0x00007fff4de40000 - 0x00007fff4de61000 	C:\WINDOWS\SYSTEM32\profapi.dll
0x0000000065580000 - 0x0000000065616000 	C:\Users\crist\AppData\Local\Temp\libgdxcrist\12dfaa03\gdx64.dll
0x0000000180000000 - 0x0000000180053000 	C:\Users\crist\AppData\Local\Temp\libgdxcrist\dc0f0009\lwjgl64.dll
0x00007ffef2dd0000 - 0x00007ffef2ed0000 	C:\WINDOWS\SYSTEM32\OPENGL32.dll
0x00007ffef5cd0000 - 0x00007ffef5cfd000 	C:\WINDOWS\SYSTEM32\GLU32.dll
0x00007fff4b140000 - 0x00007fff4b179000 	C:\WINDOWS\SYSTEM32\dxcore.dll
0x00000230f0b20000 - 0x00000230f0b84000 	C:\Users\crist\AppData\Local\Temp\libgdxcrist\dc0f0009\OpenAL64.dll
0x00007fff4ff90000 - 0x00007fff50135000 	C:\WINDOWS\System32\ole32.dll
0x00007fff4df80000 - 0x00007fff4dff9000 	C:\WINDOWS\System32\bcryptPrimitives.dll
0x00007fff4b050000 - 0x00007fff4b0fb000 	C:\WINDOWS\system32\uxtheme.dll
0x00007fff4ece0000 - 0x00007fff4ed90000 	C:\WINDOWS\System32\clbcatq.dll
0x00007ffef4070000 - 0x00007ffef4112000 	C:\WINDOWS\SYSTEM32\dsound.dll
0x00007fff3f430000 - 0x00007fff3f459000 	C:\WINDOWS\SYSTEM32\winmmbase.dll
0x00007fff4dc30000 - 0x00007fff4dc7d000 	C:\WINDOWS\SYSTEM32\powrprof.dll
0x00007ffef3dd0000 - 0x00007ffef3e81000 	C:\WINDOWS\SYSTEM32\ResampleDmo.DLL
0x00007fff4f990000 - 0x00007fff4fa67000 	C:\WINDOWS\System32\OLEAUT32.dll
0x00007fff3cbd0000 - 0x00007fff3cbdb000 	C:\WINDOWS\SYSTEM32\msdmo.dll
0x00007fff4dc10000 - 0x00007fff4dc23000 	C:\WINDOWS\SYSTEM32\UMPDC.dll
0x00007fff404c0000 - 0x00007fff4055d000 	C:\WINDOWS\System32\MMDevApi.dll
0x00007fff4db40000 - 0x00007fff4db6c000 	C:\WINDOWS\System32\DEVOBJ.dll
0x00007fff4db80000 - 0x00007fff4dbce000 	C:\WINDOWS\System32\CFGMGR32.dll
0x00007fff3fc10000 - 0x00007fff3fdfc000 	C:\WINDOWS\SYSTEM32\AUDIOSES.DLL
0x00007fff4b5f0000 - 0x00007fff4b605000 	C:\WINDOWS\SYSTEM32\resourcepolicyclient.dll
0x00007fff47df0000 - 0x00007fff47eac000 	C:\WINDOWS\SYSTEM32\mscms.dll
0x00007fff44660000 - 0x00007fff446ae000 	C:\Windows\System32\Windows.Internal.Graphics.Display.DisplayColorManagement.dll
0x00007fff4eda0000 - 0x00007fff4eef3000 	C:\WINDOWS\System32\MSCTF.dll
0x00007fff47520000 - 0x00007fff4756a000 	C:\WINDOWS\SYSTEM32\directxdatabasehelper.dll
0x00007fff46480000 - 0x00007fff465b7000 	C:\Windows\System32\AppXDeploymentClient.dll
0x00007ffee3030000 - 0x00007ffee305d000 	C:\WINDOWS\System32\DriverStore\FileRepository\u0390835.inf_amd64_66888840aa4163cc\B390488\atig6pxx.dll
0x00007ffe90430000 - 0x00007ffe940bb000 	C:\WINDOWS\System32\DriverStore\FileRepository\u0390835.inf_amd64_66888840aa4163cc\B390488\atio6axx.dll
0x00007fff50140000 - 0x00007fff505b4000 	C:\WINDOWS\System32\SETUPAPI.dll
0x00007fff4df10000 - 0x00007fff4df7b000 	C:\WINDOWS\System32\WINTRUST.dll
0x00007fff4e7b0000 - 0x00007fff4e917000 	C:\WINDOWS\System32\CRYPT32.dll
0x00007fff4d670000 - 0x00007fff4d682000 	C:\WINDOWS\SYSTEM32\MSASN1.dll
0x00007fff4b800000 - 0x00007fff4ba33000 	C:\WINDOWS\SYSTEM32\dbghelp.dll

VM Arguments:
jvm_args: -Duser.language=es_AR -Dfile.encoding=UTF-8 
java_command: org.uqbar.project.wollok.launch.WollokLauncher -requestsPort 0 -eventsPort 0 -folder -dontValidate -wf src/program.wpgm -darkMode
java_class_path (initial): C:\Cris\programas\desarrollo\wollok-win32.win32.x86_64\workspace\primerJuego\bin;C:\Cris\programas\desarrollo\wollok-win32.win32.x86_64\plugins\com.ibm.icu_64.2.0.v20190507-1337.jar;C:\Cris\programas\desarrollo\wollok-win32.win32.x86_64\plugins\org.eclipse.xtext_2.20.0.v20191202-0915.jar;C:\Cris\programas\desarrollo\wollok-win32.win32.x86_64\plugins\org.eclipse.emf.ecore.xmi_2.16.0.v20190528-0725.jar;C:\Cris\programas\desarrollo\wollok-win32.win32.x86_64\plugins\org.eclipse.emf.ecore_2.20.0.v20190920-0401.jar;C:\Cris\programas\desarrollo\wollok-win32.win32.x86_64\plugins\org.eclipse.emf.common_2.17.0.v20190920-0401.jar;C:\Cris\programas\desarrollo\wollok-win32.win32.x86_64\plugins\org.antlr.runtime_3.2.0.v201101311130.jar;C:\Cris\programas\desarrollo\wollok-win32.win32.x86_64\plugins\com.google.inject_3.0.0.v201605172100.jar;C:\Cris\programas\desarrollo\wollok-win32.win32.x86_64\plugins\org.eclipse.emf.mwe.core_1.5.1.v20191121-1148.jar;C:\Cris\programas\desarrollo\wollok-win32.win32.x86_64\plugins\org.apache.commons.cli_1.2.0.v201404270220.jar;C:\Cris\programas\desarrollo\wollok-win32.win32.x86_64\plugins\org.eclipse.emf.mwe2.runtime_2.11.1.v20191121-1148.jar;C:\Cris\programas\desarrollo\wollok-win32.win32.x86_64\plugins\org.eclipse.emf.mwe.utils_1.5.1.v20191121-1148.jar;C:\Cris\programas\desarrollo\wollok-win32.win32.x86_64\plugins\org.eclipse.xtext.util_2.20.0.v20191202-0915.jar;C:\Cris\programas\desarrollo\wollok-win32.win32.x86_64\plugins\com.google.guava_27.1.0.v20190517-1946.jar;C:\Cris\programas\desarrollo\wollok-win32.win32.x86_64\plugins\javax.inject_1.0.0.v20091030.jar;C:\Cris\programas\desarrollo\wollok-win32.win32.x86_64\plugins\org.eclipse.xtext.generator_2.20.0.v20191202-0933.jar;C:\Cris\programas\desarrollo\wollok-win32.win32.x86_64\plugins\org.eclipse.xtext.xtext.generator_2.20.0.v20191202-0915.jar;C:\Cris\programas\desarrollo\wollok-win32.win32.x86_64\plugins\org.eclipse.xtext.xbase.lib_2.20.0.v20191202-0907.jar;C:\Cris\
Launcher Type: SUN_STANDARD

Environment Variables:
PATH=C:/Program Files/Eclipse Adoptium/jdk-8.0.402.6-hotspot/bin/../jre/bin/server;C:/Program Files/Eclipse Adoptium/jdk-8.0.402.6-hotspot/bin/../jre/bin;C:/Program Files/Eclipse Adoptium/jdk-8.0.402.6-hotspot/bin/../jre/lib/amd64;C:\Program Files\Eclipse Adoptium\jdk-8.0.402.6-hotspot\bin;C:\Program Files (x86)\Common Files\Oracle\Java\javapath;C:\WINDOWS\system32;C:\WINDOWS;C:\WINDOWS\System32\Wbem;C:\WINDOWS\System32\WindowsPowerShell\v1.0\;C:\WINDOWS\System32\OpenSSH\;C:\Program Files\nodejs\;C:\Program Files\MySQL\MySQL Server 8.0\bin;C:\Program Files\Git\cmd;C:\Users\crist\.console-ninja\.bin;C:\Program Files\MySQL\MySQL Shell 8.0\bin\;C:\Users\crist\AppData\Local\Microsoft\WindowsApps;;C:\Users\crist\AppData\Local\Programs\Microsoft VS Code\bin;C:\Users\crist\AppData\Roaming\npm;%USERPROFILE%\AppData\Local\Microsoft\WindowsApps;C:\Cris\programas\desarrollo\wollok-win32.win32.x86_64;
USERNAME=crist
OS=Windows_NT
PROCESSOR_IDENTIFIER=AMD64 Family 23 Model 104 Stepping 1, AuthenticAMD



---------------  S Y S T E M  ---------------

OS: Windows 11 , 64 bit Build 22621 (10.0.22621.3374)

CPU:total 16 (initial active 16) (16 cores per cpu, 1 threads per core) family 23 model 104 stepping 1, cmov, cx8, fxsr, mmx, sse, sse2, sse3, ssse3, sse4.1, sse4.2, popcnt, avx, avx2, aes, clmul, mmxext, 3dnowpref, lzcnt, sse4a, tsc, tscinvbit, tscinv, bmi1

Memory: 4k page, physical 6149880k(618476k free), swap 16728504k(2828192k free)

vm_info: OpenJDK 64-Bit Server VM (25.402-b06) for windows-amd64 JRE (1.8.0_402-b06), built on Jan 16 2024 21:53:06 by "jenkins" with MS VC++ 15.9 (VS2017)

time: Mon May 27 11:09:35 2024
timezone: Hora estándar de Argentina
elapsed time: 4.483768 seconds (0d 0h 0m 4s)

