#
# A fatal error has been detected by the Java Runtime Environment:
#
#  EXCEPTION_ACCESS_VIOLATION (0xc0000005) at pc=0x00000189b4b81066, pid=22316, tid=0x0000000000000470
#
# JRE version: OpenJDK Runtime Environment (8.0_402-b06) (build 1.8.0_402-b06)
# Java VM: OpenJDK 64-Bit Server VM (25.402-b06 mixed mode windows-amd64 compressed oops)
# Problematic frame:
# C  [OpenAL64.dll+0x11066]
#
# Failed to write core dump. Minidumps are not enabled by default on client versions of Windows
#
# If you would like to submit a bug report, please visit:
#   https://github.com/adoptium/adoptium-support/issues
# The crash happened outside the Java Virtual Machine in native code.
# See problematic frame for where to report the bug.
#

---------------  T H R E A D  ---------------

Current thread (0x0000018996efc800):  JavaThread "main" [_thread_in_native, id=1136, stack(0x0000004ece300000,0x0000004ece400000)]

siginfo: ExceptionCode=0xc0000005, reading address 0x00000189b1cd2004

Registers:
RAX=0x0000000000000004, RBX=0x00000189b4d20090, RCX=0x00000189b1cd2008, RDX=0x00000189b1cd2004
RSP=0x0000004ece3fc390, RBP=0x00000000000000ff, RSI=0x00000189b1cd0ddc, RDI=0x0000000000000000
R8 =0x000000000000048a, R9 =0x00000189b1cd0ddc, R10=0x0000018998999622, R11=0x000000006a188ff0
R12=0x0000000000000001, R13=0x00000189b44e1c10, R14=0x0000004ece3fc530, R15=0x0000018996efc800
RIP=0x00000189b4b81066, EFLAGS=0x0000000000010202

Top of Stack: (sp=0x0000004ece3fc390)
0x0000004ece3fc390:   0000000000000000 0000018996efc800
0x0000004ece3fc3a0:   0000004ece3fc530 00000189b44e1c10
0x0000004ece3fc3b0:   00000189b44e1c10 0000000000000000
0x0000004ece3fc3c0:   0000018996efc800 0000000000000000
0x0000004ece3fc3d0:   0000004ece3fc4f8 000000006a01f2bb
0x0000004ece3fc3e0:   0000004ece3fc410 00000189989da2d3
0x0000004ece3fc3f0:   0000018996eb68e0 0000018996efccc0
0x0000004ece3fc400:   0000018996efc800 0000004ece3fc530
0x0000004ece3fc410:   00000189b44e1c10 0000000000000000
0x0000004ece3fc420:   00000189b1cd0ddc 0000000000000248
0x0000004ece3fc430:   0000004ece3fc4f8 00000189b4b8248f
0x0000004ece3fc440:   00000189b4d20090 00000189b4d20090
0x0000004ece3fc450:   000001890000ac44 0000018900000004
0x0000004ece3fc460:   0000018998987bd0 000001899899964e
0x0000004ece3fc470:   00000189b44e1c10 0000000000000248
0x0000004ece3fc480:   0000018998987bd0 000001899899935b 

Instructions: (pc=0x00000189b4b81066)
0x00000189b4b81046:   41 2b ec 81 3a 03 00 02 00 75 09 8b 01 89 84 24
0x00000189b4b81056:   c8 00 00 00 49 83 c0 02 48 83 c1 08 4a 8d 14 86
0x00000189b4b81066:   39 3a 75 af 4c 8d 84 24 c0 00 00 00 48 8d 15 d7
0x00000189b4b81076:   2b 03 00 33 c9 e8 58 5f 00 00 b8 40 1f 00 00 4c 


Register to memory mapping:

RAX=0x0000000000000004 is an unknown value
RBX=0x00000189b4d20090 is an unknown value
RCX=0x00000189b1cd2008 is an unknown value
RDX=0x00000189b1cd2004 is an unknown value
RSP=0x0000004ece3fc390 is pointing into the stack for thread: 0x0000018996efc800
RBP=0x00000000000000ff is an unknown value
RSI=0x00000189b1cd0ddc is an unknown value
RDI=0x0000000000000000 is an unknown value
R8 =0x000000000000048a is an unknown value
R9 =0x00000189b1cd0ddc is an unknown value
R10=0x0000018998999622 is at code_begin+962 in an Interpreter codelet
method entry point (kind = native)  [0x0000018998999260, 0x0000018998999d00]  2720 bytes
R11=0x000000006a188ff0 is an unknown value
R12=0x0000000000000001 is an unknown value
R13={method} {0x00000189b44e1c18} 'nalcCreateContext' '(JJ)J' in 'org/lwjgl/openal/ALC10'
R14=0x0000004ece3fc530 is pointing into the stack for thread: 0x0000018996efc800
R15=0x0000018996efc800 is a thread


Stack: [0x0000004ece300000,0x0000004ece400000],  sp=0x0000004ece3fc390,  free space=1008k
Native frames: (J=compiled Java code, j=interpreted, Vv=VM code, C=native code)
C  [OpenAL64.dll+0x11066]
C  [OpenAL64.dll+0x1248f]
C  0x000001899899964e

Java frames: (J=compiled Java code, j=interpreted, Vv=VM code)
j  org.lwjgl.openal.ALC10.nalcCreateContext(JJ)J+0
j  org.lwjgl.openal.ALC10.alcCreateContext(Lorg/lwjgl/openal/ALCdevice;Ljava/nio/IntBuffer;)Lorg/lwjgl/openal/ALCcontext;+8
j  org.lwjgl.openal.AL.init(Ljava/lang/String;IIZZ)V+69
j  org.lwjgl.openal.AL.create(Ljava/lang/String;IIZZ)V+246
j  org.lwjgl.openal.AL.create(Ljava/lang/String;IIZ)V+5
j  org.lwjgl.openal.AL.create()V+6
j  com.badlogic.gdx.backends.lwjgl.audio.OpenALAudio.<init>(III)V+114
j  com.badlogic.gdx.backends.lwjgl.LwjglApplication.<init>(Lcom/badlogic/gdx/ApplicationListener;Lcom/badlogic/gdx/backends/lwjgl/LwjglApplicationConfiguration;Lcom/badlogic/gdx/backends/lwjgl/LwjglGraphics;)V+120
j  com.badlogic.gdx.backends.lwjgl.LwjglApplication.<init>(Lcom/badlogic/gdx/ApplicationListener;Lcom/badlogic/gdx/backends/lwjgl/LwjglApplicationConfiguration;)V+11
j  org.uqbar.project.wollok.game.gameboard.WollokGDXApplication.<init>(Lorg/uqbar/project/wollok/game/gameboard/Gameboard;Ljava/lang/Boolean;)V+17
j  org.uqbar.project.wollok.game.helpers.Application.start(Lorg/uqbar/project/wollok/game/gameboard/Gameboard;Ljava/lang/Boolean;)V+5
j  org.uqbar.project.wollok.game.gameboard.Gameboard.start(Ljava/lang/Boolean;)V+13
j  wollok.game.GameObject.doStart(Ljava/lang/Boolean;)V+12
v  ~StubRoutines::call_stub
j  sun.reflect.NativeMethodAccessorImpl.invoke0(Ljava/lang/reflect/Method;Ljava/lang/Object;[Ljava/lang/Object;)Ljava/lang/Object;+0
j  sun.reflect.NativeMethodAccessorImpl.invoke(Ljava/lang/Object;[Ljava/lang/Object;)Ljava/lang/Object;+100
J 2890 C1 sun.reflect.DelegatingMethodAccessorImpl.invoke(Ljava/lang/Object;[Ljava/lang/Object;)Ljava/lang/Object; (10 bytes) @ 0x00000189994a0104 [0x00000189994a0000+0x104]
J 2889 C1 java.lang.reflect.Method.invoke(Ljava/lang/Object;[Ljava/lang/Object;)Ljava/lang/Object; (62 bytes) @ 0x00000189994a106c [0x00000189994a0c80+0x3ec]
j  org.uqbar.project.wollok.ui.utils.XTendUtilExtensions.invokeConvertingArgs(Ljava/lang/reflect/Method;Ljava/lang/Object;[Ljava/lang/Object;)Lorg/uqbar/project/wollok/interpreter/core/WollokObject;+261
j  org.uqbar.project.wollok.interpreter.AbstractWollokCallable._invokeNative(Ljava/lang/Object;Ljava/lang/String;[Lorg/uqbar/project/wollok/interpreter/core/WollokObject;)Lorg/uqbar/project/wollok/interpreter/core/WollokObject;+41
j  org.uqbar.project.wollok.interpreter.AbstractWollokCallable.invokeNative(Ljava/lang/Object;Ljava/lang/String;[Lorg/uqbar/project/wollok/interpreter/core/WollokObject;)Lorg/uqbar/project/wollok/interpreter/core/WollokObject;+26
j  org.uqbar.project.wollok.interpreter.AbstractWollokCallable$1.apply()Lorg/uqbar/project/wollok/interpreter/core/WollokObject;+55
j  org.uqbar.project.wollok.interpreter.AbstractWollokCallable$1.apply()Ljava/lang/Object;+1
j  org.uqbar.project.wollok.interpreter.threads.WThread.performOnStack(Lorg/eclipse/emf/ecore/EObject;Lorg/uqbar/project/wollok/interpreter/context/EvaluationContext;Lorg/eclipse/xtext/xbase/lib/Functions$Function0;)Lorg/uqbar/project/wollok/interpreter/core/WollokObject;+29
j  org.uqbar.project.wollok.interpreter.WollokInterpreter.performOnStack(Lorg/eclipse/emf/ecore/EObject;Lorg/uqbar/project/wollok/interpreter/context/EvaluationContext;Lorg/eclipse/xtext/xbase/lib/Functions$Function0;)Lorg/uqbar/project/wollok/interpreter/core/WollokObject;+7
j  org.uqbar.project.wollok.interpreter.AbstractWollokCallable.call(Lorg/uqbar/project/wollok/wollokDsl/WMethodDeclaration;[Lorg/uqbar/project/wollok/interpreter/core/WollokObject;)Lorg/uqbar/project/wollok/interpreter/core/WollokObject;+38
j  org.uqbar.project.wollok.interpreter.core.WollokObject.call(Ljava/lang/String;[Lorg/uqbar/project/wollok/interpreter/core/WollokObject;)Lorg/uqbar/project/wollok/interpreter/core/WollokObject;+55
j  org.uqbar.project.wollok.interpreter.WollokInterpreterEvaluator._evaluate(Lorg/uqbar/project/wollok/wollokDsl/WFeatureCall;)Lorg/uqbar/project/wollok/interpreter/core/WollokObject;+119
j  org.uqbar.project.wollok.launch.WollokLauncherInterpreterEvaluator.evaluate(Lorg/eclipse/emf/ecore/EObject;)Lorg/uqbar/project/wollok/interpreter/core/WollokObject;+412
j  org.uqbar.project.wollok.interpreter.WollokInterpreterEvaluator.evaluate(Lorg/eclipse/emf/ecore/EObject;)Ljava/lang/Object;+2
j  org.uqbar.project.wollok.interpreter.WollokInterpreter.eval(Lorg/eclipse/emf/ecore/EObject;)Lorg/uqbar/project/wollok/interpreter/core/WollokObject;+63
j  org.uqbar.project.wollok.interpreter.WollokInterpreterEvaluator.eval(Lorg/eclipse/emf/ecore/EObject;)Lorg/uqbar/project/wollok/interpreter/core/WollokObject;+5
j  org.uqbar.project.wollok.interpreter.WollokInterpreterEvaluator$1.apply(Lorg/uqbar/project/wollok/interpreter/core/WollokObject;Lorg/eclipse/emf/ecore/EObject;)Lorg/uqbar/project/wollok/interpreter/core/WollokObject;+5
j  org.uqbar.project.wollok.interpreter.WollokInterpreterEvaluator$1.apply(Ljava/lang/Object;Ljava/lang/Object;)Ljava/lang/Object;+9
j  org.eclipse.xtext.xbase.lib.IteratorExtensions.fold(Ljava/util/Iterator;Ljava/lang/Object;Lorg/eclipse/xtext/xbase/lib/Functions$Function2;)Ljava/lang/Object;+19
j  org.eclipse.xtext.xbase.lib.IterableExtensions.fold(Ljava/lang/Iterable;Ljava/lang/Object;Lorg/eclipse/xtext/xbase/lib/Functions$Function2;)Ljava/lang/Object;+8
j  org.uqbar.project.wollok.interpreter.WollokInterpreterEvaluator.evalAll(Ljava/lang/Iterable;)Lorg/uqbar/project/wollok/interpreter/core/WollokObject;+12
j  org.uqbar.project.wollok.interpreter.WollokInterpreterEvaluator._evaluate(Lorg/uqbar/project/wollok/wollokDsl/WBlockExpression;)Lorg/uqbar/project/wollok/interpreter/core/WollokObject;+34
j  org.uqbar.project.wollok.launch.WollokLauncherInterpreterEvaluator.evaluate(Lorg/eclipse/emf/ecore/EObject;)Lorg/uqbar/project/wollok/interpreter/core/WollokObject;+76
j  org.uqbar.project.wollok.interpreter.WollokInterpreterEvaluator.evaluate(Lorg/eclipse/emf/ecore/EObject;)Ljava/lang/Object;+2
j  org.uqbar.project.wollok.interpreter.WollokInterpreter.eval(Lorg/eclipse/emf/ecore/EObject;)Lorg/uqbar/project/wollok/interpreter/core/WollokObject;+63
j  org.uqbar.project.wollok.interpreter.AbstractWollokCallable.eval(Lorg/eclipse/emf/ecore/EObject;)Lorg/uqbar/project/wollok/interpreter/core/WollokObject;+5
j  org.uqbar.project.wollok.interpreter.AbstractWollokCallable$1.apply()Lorg/uqbar/project/wollok/interpreter/core/WollokObject;+110
j  org.uqbar.project.wollok.interpreter.AbstractWollokCallable$1.apply()Ljava/lang/Object;+1
j  org.uqbar.project.wollok.interpreter.threads.WThread.performOnStack(Lorg/eclipse/emf/ecore/EObject;Lorg/uqbar/project/wollok/interpreter/context/EvaluationContext;Lorg/eclipse/xtext/xbase/lib/Functions$Function0;)Lorg/uqbar/project/wollok/interpreter/core/WollokObject;+29
j  org.uqbar.project.wollok.interpreter.WollokInterpreter.performOnStack(Lorg/eclipse/emf/ecore/EObject;Lorg/uqbar/project/wollok/interpreter/context/EvaluationContext;Lorg/eclipse/xtext/xbase/lib/Functions$Function0;)Lorg/uqbar/project/wollok/interpreter/core/WollokObject;+7
j  org.uqbar.project.wollok.interpreter.AbstractWollokCallable.call(Lorg/uqbar/project/wollok/wollokDsl/WMethodDeclaration;[Lorg/uqbar/project/wollok/interpreter/core/WollokObject;)Lorg/uqbar/project/wollok/interpreter/core/WollokObject;+38
j  org.uqbar.project.wollok.interpreter.core.WollokObject.call(Ljava/lang/String;[Lorg/uqbar/project/wollok/interpreter/core/WollokObject;)Lorg/uqbar/project/wollok/interpreter/core/WollokObject;+55
j  org.uqbar.project.wollok.interpreter.WollokInterpreterEvaluator._evaluate(Lorg/uqbar/project/wollok/wollokDsl/WFeatureCall;)Lorg/uqbar/project/wollok/interpreter/core/WollokObject;+119
j  org.uqbar.project.wollok.launch.WollokLauncherInterpreterEvaluator.evaluate(Lorg/eclipse/emf/ecore/EObject;)Lorg/uqbar/project/wollok/interpreter/core/WollokObject;+412
j  org.uqbar.project.wollok.interpreter.WollokInterpreterEvaluator.evaluate(Lorg/eclipse/emf/ecore/EObject;)Ljava/lang/Object;+2
j  org.uqbar.project.wollok.interpreter.WollokInterpreter.eval(Lorg/eclipse/emf/ecore/EObject;)Lorg/uqbar/project/wollok/interpreter/core/WollokObject;+63
j  org.uqbar.project.wollok.interpreter.WollokInterpreterEvaluator.eval(Lorg/eclipse/emf/ecore/EObject;)Lorg/uqbar/project/wollok/interpreter/core/WollokObject;+5
j  org.uqbar.project.wollok.interpreter.WollokInterpreterEvaluator$1.apply(Lorg/uqbar/project/wollok/interpreter/core/WollokObject;Lorg/eclipse/emf/ecore/EObject;)Lorg/uqbar/project/wollok/interpreter/core/WollokObject;+5
j  org.uqbar.project.wollok.interpreter.WollokInterpreterEvaluator$1.apply(Ljava/lang/Object;Ljava/lang/Object;)Ljava/lang/Object;+9
j  org.eclipse.xtext.xbase.lib.IteratorExtensions.fold(Ljava/util/Iterator;Ljava/lang/Object;Lorg/eclipse/xtext/xbase/lib/Functions$Function2;)Ljava/lang/Object;+19
j  org.eclipse.xtext.xbase.lib.IterableExtensions.fold(Ljava/lang/Iterable;Ljava/lang/Object;Lorg/eclipse/xtext/xbase/lib/Functions$Function2;)Ljava/lang/Object;+8
j  org.uqbar.project.wollok.interpreter.WollokInterpreterEvaluator.evalAll(Ljava/lang/Iterable;)Lorg/uqbar/project/wollok/interpreter/core/WollokObject;+12
j  org.uqbar.project.wollok.interpreter.WollokInterpreterEvaluator._evaluate(Lorg/uqbar/project/wollok/wollokDsl/WBlockExpression;)Lorg/uqbar/project/wollok/interpreter/core/WollokObject;+34
j  org.uqbar.project.wollok.launch.WollokLauncherInterpreterEvaluator.evaluate(Lorg/eclipse/emf/ecore/EObject;)Lorg/uqbar/project/wollok/interpreter/core/WollokObject;+76
j  org.uqbar.project.wollok.interpreter.WollokInterpreterEvaluator.evaluate(Lorg/eclipse/emf/ecore/EObject;)Ljava/lang/Object;+2
j  org.uqbar.project.wollok.interpreter.WollokInterpreter.eval(Lorg/eclipse/emf/ecore/EObject;)Lorg/uqbar/project/wollok/interpreter/core/WollokObject;+63
j  org.uqbar.project.wollok.interpreter.AbstractWollokCallable.eval(Lorg/eclipse/emf/ecore/EObject;)Lorg/uqbar/project/wollok/interpreter/core/WollokObject;+5
j  org.uqbar.project.wollok.interpreter.AbstractWollokCallable$1.apply()Lorg/uqbar/project/wollok/interpreter/core/WollokObject;+110
j  org.uqbar.project.wollok.interpreter.AbstractWollokCallable$1.apply()Ljava/lang/Object;+1
j  org.uqbar.project.wollok.interpreter.threads.WThread.performOnStack(Lorg/eclipse/emf/ecore/EObject;Lorg/uqbar/project/wollok/interpreter/context/EvaluationContext;Lorg/eclipse/xtext/xbase/lib/Functions$Function0;)Lorg/uqbar/project/wollok/interpreter/core/WollokObject;+29
j  org.uqbar.project.wollok.interpreter.WollokInterpreter.performOnStack(Lorg/eclipse/emf/ecore/EObject;Lorg/uqbar/project/wollok/interpreter/context/EvaluationContext;Lorg/eclipse/xtext/xbase/lib/Functions$Function0;)Lorg/uqbar/project/wollok/interpreter/core/WollokObject;+7
j  org.uqbar.project.wollok.interpreter.AbstractWollokCallable.call(Lorg/uqbar/project/wollok/wollokDsl/WMethodDeclaration;[Lorg/uqbar/project/wollok/interpreter/core/WollokObject;)Lorg/uqbar/project/wollok/interpreter/core/WollokObject;+38
j  org.uqbar.project.wollok.interpreter.core.WollokObject.call(Ljava/lang/String;[Lorg/uqbar/project/wollok/interpreter/core/WollokObject;)Lorg/uqbar/project/wollok/interpreter/core/WollokObject;+55
j  org.uqbar.project.wollok.interpreter.WollokInterpreterEvaluator._evaluate(Lorg/uqbar/project/wollok/wollokDsl/WFeatureCall;)Lorg/uqbar/project/wollok/interpreter/core/WollokObject;+119
j  org.uqbar.project.wollok.launch.WollokLauncherInterpreterEvaluator.evaluate(Lorg/eclipse/emf/ecore/EObject;)Lorg/uqbar/project/wollok/interpreter/core/WollokObject;+412
j  org.uqbar.project.wollok.interpreter.WollokInterpreterEvaluator.evaluate(Lorg/eclipse/emf/ecore/EObject;)Ljava/lang/Object;+2
j  org.uqbar.project.wollok.interpreter.WollokInterpreter.eval(Lorg/eclipse/emf/ecore/EObject;)Lorg/uqbar/project/wollok/interpreter/core/WollokObject;+63
j  org.uqbar.project.wollok.interpreter.WollokInterpreterEvaluator.eval(Lorg/eclipse/emf/ecore/EObject;)Lorg/uqbar/project/wollok/interpreter/core/WollokObject;+5
j  org.uqbar.project.wollok.interpreter.WollokInterpreterEvaluator$1.apply(Lorg/uqbar/project/wollok/interpreter/core/WollokObject;Lorg/eclipse/emf/ecore/EObject;)Lorg/uqbar/project/wollok/interpreter/core/WollokObject;+5
j  org.uqbar.project.wollok.interpreter.WollokInterpreterEvaluator$1.apply(Ljava/lang/Object;Ljava/lang/Object;)Ljava/lang/Object;+9
j  org.eclipse.xtext.xbase.lib.IteratorExtensions.fold(Ljava/util/Iterator;Ljava/lang/Object;Lorg/eclipse/xtext/xbase/lib/Functions$Function2;)Ljava/lang/Object;+19
j  org.eclipse.xtext.xbase.lib.IterableExtensions.fold(Ljava/lang/Iterable;Ljava/lang/Object;Lorg/eclipse/xtext/xbase/lib/Functions$Function2;)Ljava/lang/Object;+8
j  org.uqbar.project.wollok.interpreter.WollokInterpreterEvaluator.evalAll(Ljava/lang/Iterable;)Lorg/uqbar/project/wollok/interpreter/core/WollokObject;+12
j  org.uqbar.project.wollok.interpreter.WollokInterpreterEvaluator._evaluate(Lorg/uqbar/project/wollok/wollokDsl/WProgram;)Lorg/uqbar/project/wollok/interpreter/core/WollokObject;+18
j  org.uqbar.project.wollok.launch.WollokLauncherInterpreterEvaluator.evaluate(Lorg/eclipse/emf/ecore/EObject;)Lorg/uqbar/project/wollok/interpreter/core/WollokObject;+444
j  org.uqbar.project.wollok.interpreter.WollokInterpreterEvaluator.evaluate(Lorg/eclipse/emf/ecore/EObject;)Ljava/lang/Object;+2
j  org.uqbar.project.wollok.interpreter.WollokInterpreter.eval(Lorg/eclipse/emf/ecore/EObject;)Lorg/uqbar/project/wollok/interpreter/core/WollokObject;+63
j  org.uqbar.project.wollok.interpreter.WollokInterpreterEvaluator.eval(Lorg/eclipse/emf/ecore/EObject;)Lorg/uqbar/project/wollok/interpreter/core/WollokObject;+5
j  org.uqbar.project.wollok.launch.WollokLauncherInterpreterEvaluator._evaluate(Lorg/uqbar/project/wollok/wollokDsl/WFile;)Lorg/uqbar/project/wollok/interpreter/core/WollokObject;+32
j  org.uqbar.project.wollok.launch.WollokLauncherInterpreterEvaluator.evaluate(Lorg/eclipse/emf/ecore/EObject;)Lorg/uqbar/project/wollok/interpreter/core/WollokObject;+428
j  org.uqbar.project.wollok.interpreter.WollokInterpreterEvaluator.evaluate(Lorg/eclipse/emf/ecore/EObject;)Ljava/lang/Object;+2
j  org.uqbar.project.wollok.interpreter.WollokInterpreter.interpret(Lorg/eclipse/emf/ecore/EObject;Ljava/lang/Boolean;)Lorg/uqbar/project/wollok/interpreter/core/WollokObject;+25
j  org.uqbar.project.wollok.interpreter.WollokInterpreter.interpret(Lorg/eclipse/emf/ecore/EObject;)Lorg/uqbar/project/wollok/interpreter/core/WollokObject;+8
j  org.uqbar.project.wollok.launch.WollokLauncher.doSomething(Lorg/uqbar/project/wollok/wollokDsl/WFile;Lcom/google/inject/Injector;Ljava/io/File;Lorg/uqbar/project/wollok/launch/WollokLauncherParameters;)V+109
j  org.uqbar.project.wollok.launch.WollokChecker.launch(Ljava/lang/String;Lorg/uqbar/project/wollok/launch/WollokLauncherParameters;)V+31
j  org.uqbar.project.wollok.launch.WollokChecker.doMain([Ljava/lang/String;)V+205
j  org.uqbar.project.wollok.launch.WollokLauncher.main([Ljava/lang/String;)V+8
v  ~StubRoutines::call_stub

---------------  P R O C E S S  ---------------

Java Threads: ( => current thread )
  0x00000189afc98800 JavaThread "com.google.inject.internal.util.$Finalizer" daemon [_thread_blocked, id=25344, stack(0x0000004ed0500000,0x0000004ed0600000)]
  0x00000189afb07000 JavaThread "EMF Reference Cleaner" daemon [_thread_blocked, id=22700, stack(0x0000004ed0400000,0x0000004ed0500000)]
  0x00000189aed3d800 JavaThread "Service Thread" daemon [_thread_blocked, id=12640, stack(0x0000004ed0200000,0x0000004ed0300000)]
  0x00000189aed0b800 JavaThread "C1 CompilerThread11" daemon [_thread_blocked, id=24492, stack(0x0000004ed0100000,0x0000004ed0200000)]
  0x00000189aecf6000 JavaThread "C1 CompilerThread10" daemon [_thread_blocked, id=26976, stack(0x0000004ed0000000,0x0000004ed0100000)]
  0x00000189aecf1800 JavaThread "C1 CompilerThread9" daemon [_thread_blocked, id=3876, stack(0x0000004ecff00000,0x0000004ed0000000)]
  0x00000189aecce800 JavaThread "C1 CompilerThread8" daemon [_thread_blocked, id=18836, stack(0x0000004ecfe00000,0x0000004ecff00000)]
  0x00000189aecc9800 JavaThread "C2 CompilerThread7" daemon [_thread_blocked, id=6296, stack(0x0000004ecfd00000,0x0000004ecfe00000)]
  0x00000189aeca7800 JavaThread "C2 CompilerThread6" daemon [_thread_blocked, id=21024, stack(0x0000004ecfc00000,0x0000004ecfd00000)]
  0x00000189aec6f000 JavaThread "C2 CompilerThread5" daemon [_thread_blocked, id=14436, stack(0x0000004ecfb00000,0x0000004ecfc00000)]
  0x00000189aec5a000 JavaThread "C2 CompilerThread4" daemon [_thread_blocked, id=7696, stack(0x0000004ecfa00000,0x0000004ecfb00000)]
  0x00000189aec4b000 JavaThread "C2 CompilerThread3" daemon [_thread_blocked, id=24612, stack(0x0000004ecf900000,0x0000004ecfa00000)]
  0x00000189aec45000 JavaThread "C2 CompilerThread2" daemon [_thread_blocked, id=15820, stack(0x0000004ecf800000,0x0000004ecf900000)]
  0x00000189aec44000 JavaThread "C2 CompilerThread1" daemon [_thread_blocked, id=19012, stack(0x0000004ecf700000,0x0000004ecf800000)]
  0x00000189aec4a800 JavaThread "C2 CompilerThread0" daemon [_thread_blocked, id=7680, stack(0x0000004ecf600000,0x0000004ecf700000)]
  0x00000189aec3f000 JavaThread "Attach Listener" daemon [_thread_blocked, id=23268, stack(0x0000004ecf500000,0x0000004ecf600000)]
  0x00000189aec3a800 JavaThread "Signal Dispatcher" daemon [_thread_blocked, id=6544, stack(0x0000004ecf400000,0x0000004ecf500000)]
  0x00000189aec21800 JavaThread "Finalizer" daemon [_thread_blocked, id=12452, stack(0x0000004ecf300000,0x0000004ecf400000)]
  0x00000189aec20800 JavaThread "Reference Handler" daemon [_thread_blocked, id=25080, stack(0x0000004ecf200000,0x0000004ecf300000)]
=>0x0000018996efc800 JavaThread "main" [_thread_in_native, id=1136, stack(0x0000004ece300000,0x0000004ece400000)]

Other Threads:
  0x00000189abeee800 VMThread [stack: 0x0000004ecf100000,0x0000004ecf200000] [id=14056]
  0x00000189aed2f000 WatcherThread [stack: 0x0000004ed0300000,0x0000004ed0400000] [id=21948]

VM state:not at safepoint (normal execution)

VM Mutex/Monitor currently owned by a thread: None

heap address: 0x00000000a2200000, size: 1502 MB, Compressed Oops mode: 32-bit
Narrow klass base: 0x0000000000000000, Narrow klass shift: 3
Compressed class space size: 1073741824 Address: 0x0000000100000000

Heap:
 PSYoungGen      total 111616K, used 8043K [0x00000000e0b80000, 0x00000000e8680000, 0x0000000100000000)
  eden space 98304K, 8% used [0x00000000e0b80000,0x00000000e135ac58,0x00000000e6b80000)
  from space 13312K, 0% used [0x00000000e7980000,0x00000000e7980000,0x00000000e8680000)
  to   space 13824K, 0% used [0x00000000e6b80000,0x00000000e6b80000,0x00000000e7900000)
 ParOldGen       total 75264K, used 24450K [0x00000000a2200000, 0x00000000a6b80000, 0x00000000e0b80000)
  object space 75264K, 32% used [0x00000000a2200000,0x00000000a39e0980,0x00000000a6b80000)
 Metaspace       used 21820K, capacity 22096K, committed 22400K, reserved 1069056K
  class space    used 2742K, capacity 2854K, committed 2944K, reserved 1048576K

Card table byte_map: [0x00000189a7d40000,0x00000189a8030000] byte_map_base: 0x00000189a782f000

Marking Bits: (ParMarkBitMap*) 0x000000006a760850
 Begin Bits: [0x00000189a8230000, 0x00000189a99a8000)
 End Bits:   [0x00000189a99a8000, 0x00000189ab120000)

Polling page: 0x0000018997170000

CodeCache: size=245760Kb used=13024Kb max_used=13024Kb free=232735Kb
 bounds [0x0000018998980000, 0x0000018999650000, 0x00000189a7980000]
 total_blobs=3850 nmethods=3394 adapters=365
 compilation: enabled

Compilation events (10 events):
Event: 3.370 Thread 0x00000189aecce800 3389 %     3       java.io.WinNTFileSystem::normalize @ 22 (143 bytes)
Event: 3.371 Thread 0x00000189aecce800 nmethod 3389% 0x00000189995ffa10 code [0x00000189995ffc00, 0x00000189996004d0]
Event: 3.374 Thread 0x00000189aed0b800 3390       3       java.io.FileInputStream::read (9 bytes)
Event: 3.375 Thread 0x00000189aed0b800 nmethod 3390 0x000001899963ee50 code [0x000001899963efc0, 0x000001899963f150]
Event: 3.385 Thread 0x00000189aecf6000 3391       3       java.nio.DirectByteBuffer::put (18 bytes)
Event: 3.385 Thread 0x00000189aecf1800 3392       3       java.nio.DirectByteBuffer::ix (10 bytes)
Event: 3.385 Thread 0x00000189aecf1800 nmethod 3392 0x000001899963f7d0 code [0x000001899963f920, 0x000001899963fa78]
Event: 3.385 Thread 0x00000189aecf6000 nmethod 3391 0x000001899963fb10 code [0x000001899963fc80, 0x000001899963fef8]
Event: 3.387 Thread 0x00000189aecce800 3394       3       java.io.WinNTFileSystem::normalize (143 bytes)
Event: 3.388 Thread 0x00000189aecce800 nmethod 3394 0x0000018999640010 code [0x0000018999640200, 0x0000018999640a30]

GC Heap History (10 events):
Event: 1.084 GC heap before
{Heap before GC invocations=3 (full 0):
 PSYoungGen      total 28160K, used 28144K [0x00000000e0b80000, 0x00000000e4280000, 0x0000000100000000)
  eden space 24576K, 100% used [0x00000000e0b80000,0x00000000e2380000,0x00000000e2380000)
  from space 3584K, 99% used [0x00000000e2700000,0x00000000e2a7c010,0x00000000e2a80000)
  to   space 3584K, 0% used [0x00000000e2380000,0x00000000e2380000,0x00000000e2700000)
 ParOldGen       total 64512K, used 3351K [0x00000000a2200000, 0x00000000a6100000, 0x00000000e0b80000)
  object space 64512K, 5% used [0x00000000a2200000,0x00000000a2545cd0,0x00000000a6100000)
 Metaspace       used 10538K, capacity 10744K, committed 10880K, reserved 1058816K
  class space    used 1238K, capacity 1320K, committed 1408K, reserved 1048576K
Event: 1.089 GC heap after
Heap after GC invocations=3 (full 0):
 PSYoungGen      total 28160K, used 3578K [0x00000000e0b80000, 0x00000000e4280000, 0x0000000100000000)
  eden space 24576K, 0% used [0x00000000e0b80000,0x00000000e0b80000,0x00000000e2380000)
  from space 3584K, 99% used [0x00000000e2380000,0x00000000e26fe930,0x00000000e2700000)
  to   space 3584K, 0% used [0x00000000e3f00000,0x00000000e3f00000,0x00000000e4280000)
 ParOldGen       total 64512K, used 7475K [0x00000000a2200000, 0x00000000a6100000, 0x00000000e0b80000)
  object space 64512K, 11% used [0x00000000a2200000,0x00000000a294cc28,0x00000000a6100000)
 Metaspace       used 10538K, capacity 10744K, committed 10880K, reserved 1058816K
  class space    used 1238K, capacity 1320K, committed 1408K, reserved 1048576K
}
Event: 1.517 GC heap before
{Heap before GC invocations=4 (full 0):
 PSYoungGen      total 28160K, used 28154K [0x00000000e0b80000, 0x00000000e4280000, 0x0000000100000000)
  eden space 24576K, 100% used [0x00000000e0b80000,0x00000000e2380000,0x00000000e2380000)
  from space 3584K, 99% used [0x00000000e2380000,0x00000000e26fe930,0x00000000e2700000)
  to   space 3584K, 0% used [0x00000000e3f00000,0x00000000e3f00000,0x00000000e4280000)
 ParOldGen       total 64512K, used 7475K [0x00000000a2200000, 0x00000000a6100000, 0x00000000e0b80000)
  object space 64512K, 11% used [0x00000000a2200000,0x00000000a294cc28,0x00000000a6100000)
 Metaspace       used 13588K, capacity 13796K, committed 14080K, reserved 1060864K
  class space    used 1671K, capacity 1738K, committed 1792K, reserved 1048576K
Event: 1.523 GC heap after
Heap after GC invocations=4 (full 0):
 PSYoungGen      total 52736K, used 3556K [0x00000000e0b80000, 0x00000000e4280000, 0x0000000100000000)
  eden space 49152K, 0% used [0x00000000e0b80000,0x00000000e0b80000,0x00000000e3b80000)
  from space 3584K, 99% used [0x00000000e3f00000,0x00000000e42790e8,0x00000000e4280000)
  to   space 3584K, 0% used [0x00000000e3b80000,0x00000000e3b80000,0x00000000e3f00000)
 ParOldGen       total 64512K, used 12798K [0x00000000a2200000, 0x00000000a6100000, 0x00000000e0b80000)
  object space 64512K, 19% used [0x00000000a2200000,0x00000000a2e7fb70,0x00000000a6100000)
 Metaspace       used 13588K, capacity 13796K, committed 14080K, reserved 1060864K
  class space    used 1671K, capacity 1738K, committed 1792K, reserved 1048576K
}
Event: 2.454 GC heap before
{Heap before GC invocations=5 (full 0):
 PSYoungGen      total 52736K, used 52708K [0x00000000e0b80000, 0x00000000e4280000, 0x0000000100000000)
  eden space 49152K, 100% used [0x00000000e0b80000,0x00000000e3b80000,0x00000000e3b80000)
  from space 3584K, 99% used [0x00000000e3f00000,0x00000000e42790e8,0x00000000e4280000)
  to   space 3584K, 0% used [0x00000000e3b80000,0x00000000e3b80000,0x00000000e3f00000)
 ParOldGen       total 64512K, used 12798K [0x00000000a2200000, 0x00000000a6100000, 0x00000000e0b80000)
  object space 64512K, 19% used [0x00000000a2200000,0x00000000a2e7fb70,0x00000000a6100000)
 Metaspace       used 19514K, capacity 19754K, committed 20096K, reserved 1067008K
  class space    used 2485K, capacity 2583K, committed 2688K, reserved 1048576K
Event: 2.462 GC heap after
Heap after GC invocations=5 (full 0):
 PSYoungGen      total 52736K, used 3568K [0x00000000e0b80000, 0x00000000e8780000, 0x0000000100000000)
  eden space 49152K, 0% used [0x00000000e0b80000,0x00000000e0b80000,0x00000000e3b80000)
  from space 3584K, 99% used [0x00000000e3b80000,0x00000000e3efc040,0x00000000e3f00000)
  to   space 14336K, 0% used [0x00000000e7980000,0x00000000e7980000,0x00000000e8780000)
 ParOldGen       total 64512K, used 22831K [0x00000000a2200000, 0x00000000a6100000, 0x00000000e0b80000)
  object space 64512K, 35% used [0x00000000a2200000,0x00000000a384bf40,0x00000000a6100000)
 Metaspace       used 19514K, capacity 19754K, committed 20096K, reserved 1067008K
  class space    used 2485K, capacity 2583K, committed 2688K, reserved 1048576K
}
Event: 2.876 GC heap before
{Heap before GC invocations=6 (full 0):
 PSYoungGen      total 52736K, used 22187K [0x00000000e0b80000, 0x00000000e8780000, 0x0000000100000000)
  eden space 49152K, 37% used [0x00000000e0b80000,0x00000000e1daef40,0x00000000e3b80000)
  from space 3584K, 99% used [0x00000000e3b80000,0x00000000e3efc040,0x00000000e3f00000)
  to   space 14336K, 0% used [0x00000000e7980000,0x00000000e7980000,0x00000000e8780000)
 ParOldGen       total 64512K, used 22831K [0x00000000a2200000, 0x00000000a6100000, 0x00000000e0b80000)
  object space 64512K, 35% used [0x00000000a2200000,0x00000000a384bf40,0x00000000a6100000)
 Metaspace       used 20821K, capacity 21060K, committed 21248K, reserved 1067008K
  class space    used 2629K, capacity 2724K, committed 2816K, reserved 1048576K
Event: 2.885 GC heap after
Heap after GC invocations=6 (full 0):
 PSYoungGen      total 111616K, used 6246K [0x00000000e0b80000, 0x00000000e8680000, 0x0000000100000000)
  eden space 98304K, 0% used [0x00000000e0b80000,0x00000000e0b80000,0x00000000e6b80000)
  from space 13312K, 46% used [0x00000000e7980000,0x00000000e7f99a48,0x00000000e8680000)
  to   space 13824K, 0% used [0x00000000e6b80000,0x00000000e6b80000,0x00000000e7900000)
 ParOldGen       total 64512K, used 22839K [0x00000000a2200000, 0x00000000a6100000, 0x00000000e0b80000)
  object space 64512K, 35% used [0x00000000a2200000,0x00000000a384df40,0x00000000a6100000)
 Metaspace       used 20821K, capacity 21060K, committed 21248K, reserved 1067008K
  class space    used 2629K, capacity 2724K, committed 2816K, reserved 1048576K
}
Event: 2.885 GC heap before
{Heap before GC invocations=7 (full 1):
 PSYoungGen      total 111616K, used 6246K [0x00000000e0b80000, 0x00000000e8680000, 0x0000000100000000)
  eden space 98304K, 0% used [0x00000000e0b80000,0x00000000e0b80000,0x00000000e6b80000)
  from space 13312K, 46% used [0x00000000e7980000,0x00000000e7f99a48,0x00000000e8680000)
  to   space 13824K, 0% used [0x00000000e6b80000,0x00000000e6b80000,0x00000000e7900000)
 ParOldGen       total 64512K, used 22839K [0x00000000a2200000, 0x00000000a6100000, 0x00000000e0b80000)
  object space 64512K, 35% used [0x00000000a2200000,0x00000000a384df40,0x00000000a6100000)
 Metaspace       used 20821K, capacity 21060K, committed 21248K, reserved 1067008K
  class space    used 2629K, capacity 2724K, committed 2816K, reserved 1048576K
Event: 2.957 GC heap after
Heap after GC invocations=7 (full 1):
 PSYoungGen      total 111616K, used 0K [0x00000000e0b80000, 0x00000000e8680000, 0x0000000100000000)
  eden space 98304K, 0% used [0x00000000e0b80000,0x00000000e0b80000,0x00000000e6b80000)
  from space 13312K, 0% used [0x00000000e7980000,0x00000000e7980000,0x00000000e8680000)
  to   space 13824K, 0% used [0x00000000e6b80000,0x00000000e6b80000,0x00000000e7900000)
 ParOldGen       total 75264K, used 24450K [0x00000000a2200000, 0x00000000a6b80000, 0x00000000e0b80000)
  object space 75264K, 32% used [0x00000000a2200000,0x00000000a39e0980,0x00000000a6b80000)
 Metaspace       used 20821K, capacity 21060K, committed 21248K, reserved 1067008K
  class space    used 2629K, capacity 2724K, committed 2816K, reserved 1048576K
}

Deoptimization events (10 events):
Event: 2.559 Thread 0x0000018996efc800 Uncommon trap: reason=class_check action=maybe_recompile pc=0x00000189992e94a8 method=org.eclipse.xtext.nodemodel.impl.NodeModelBuilder.addChild(Lorg/eclipse/xtext/nodemodel/ICompositeNode;Lorg/eclipse/xtext/nodemodel/impl/AbstractNode;)V @ 6
Event: 2.561 Thread 0x0000018996efc800 Uncommon trap: reason=unstable_if action=reinterpret pc=0x0000018999348450 method=org.antlr.runtime.CommonTokenStream.skipOffTokenChannels(I)I @ 12
Event: 2.570 Thread 0x0000018996efc800 Uncommon trap: reason=class_check action=maybe_recompile pc=0x00000189992e94a8 method=org.eclipse.xtext.nodemodel.impl.NodeModelBuilder.addChild(Lorg/eclipse/xtext/nodemodel/ICompositeNode;Lorg/eclipse/xtext/nodemodel/impl/AbstractNode;)V @ 6
Event: 2.570 Thread 0x0000018996efc800 Uncommon trap: reason=unstable_if action=reinterpret pc=0x00000189993a3ae0 method=java.util.HashMap.computeIfAbsent(Ljava/lang/Object;Ljava/util/function/Function;)Ljava/lang/Object; @ 44
Event: 2.589 Thread 0x0000018996efc800 Uncommon trap: reason=class_check action=maybe_recompile pc=0x00000189992e94a8 method=org.eclipse.xtext.nodemodel.impl.NodeModelBuilder.addChild(Lorg/eclipse/xtext/nodemodel/ICompositeNode;Lorg/eclipse/xtext/nodemodel/impl/AbstractNode;)V @ 6
Event: 2.592 Thread 0x0000018996efc800 Uncommon trap: reason=class_check action=maybe_recompile pc=0x00000189992bdb48 method=org.eclipse.xtext.nodemodel.impl.NodeModelBuilder.addChild(Lorg/eclipse/xtext/nodemodel/ICompositeNode;Lorg/eclipse/xtext/nodemodel/impl/AbstractNode;)V @ 6
Event: 2.720 Thread 0x0000018996efc800 Uncommon trap: reason=unstable_if action=reinterpret pc=0x0000018999083a48 method=java.util.concurrent.ConcurrentHashMap.putVal(Ljava/lang/Object;Ljava/lang/Object;Z)Ljava/lang/Object; @ 181
Event: 2.872 Thread 0x0000018996efc800 Uncommon trap: reason=unstable_if action=reinterpret pc=0x0000018999520350 method=org.uqbar.project.wollok.wollokDsl.impl.WMemberFeatureCallImpl.eIsSet(I)Z @ 104
Event: 3.046 Thread 0x0000018996efc800 Uncommon trap: reason=unstable_if action=reinterpret pc=0x000001899956a440 method=java.io.WinNTFileSystem.normalize(Ljava/lang/String;)Ljava/lang/String; @ 49
Event: 3.068 Thread 0x0000018996efc800 Uncommon trap: reason=predicate action=maybe_recompile pc=0x0000018998fc5c40 method=java.lang.String.regionMatches(ZILjava/lang/String;II)Z @ 63

Classes redefined (0 events):
No events

Internal exceptions (10 events):
Event: 2.591 Thread 0x0000018996efc800 Exception <a 'java/io/FileNotFoundException'> (0x00000000e106bf78) thrown at [E:\Jenkins\workspace\temp\workspace\build\src\hotspot\src\share\vm\prims\jni.cpp, line 709]
Event: 2.597 Thread 0x0000018996efc800 Exception <a 'java/io/FileNotFoundException'> (0x00000000e10993a0) thrown at [E:\Jenkins\workspace\temp\workspace\build\src\hotspot\src\share\vm\prims\jni.cpp, line 709]
Event: 2.660 Thread 0x0000018996efc800 Exception <a 'java/io/FileNotFoundException'> (0x00000000e1330518) thrown at [E:\Jenkins\workspace\temp\workspace\build\src\hotspot\src\share\vm\prims\jni.cpp, line 709]
Event: 2.978 Thread 0x0000018996efc800 Exception <a 'java/lang/reflect/InvocationTargetException'> (0x00000000e0c79668) thrown at [E:\Jenkins\workspace\temp\workspace\build\src\hotspot\src\share\vm\runtime\reflection.cpp, line 1092]
Event: 3.395 Thread 0x0000018996efc800 Exception <a 'java/security/PrivilegedActionException'> (0x00000000e12cb268) thrown at [E:\Jenkins\workspace\temp\workspace\build\src\hotspot\src\share\vm\prims\jvm.cpp, line 1514]
Event: 3.395 Thread 0x0000018996efc800 Exception <a 'java/security/PrivilegedActionException'> (0x00000000e12cc798) thrown at [E:\Jenkins\workspace\temp\workspace\build\src\hotspot\src\share\vm\prims\jvm.cpp, line 1514]
Event: 3.395 Thread 0x0000018996efc800 Exception <a 'java/security/PrivilegedActionException'> (0x00000000e12cdbc8) thrown at [E:\Jenkins\workspace\temp\workspace\build\src\hotspot\src\share\vm\prims\jvm.cpp, line 1514]
Event: 3.395 Thread 0x0000018996efc800 Exception <a 'java/security/PrivilegedActionException'> (0x00000000e12cf288) thrown at [E:\Jenkins\workspace\temp\workspace\build\src\hotspot\src\share\vm\prims\jvm.cpp, line 1514]
Event: 3.395 Thread 0x0000018996efc800 Exception <a 'java/security/PrivilegedActionException'> (0x00000000e12d0680) thrown at [E:\Jenkins\workspace\temp\workspace\build\src\hotspot\src\share\vm\prims\jvm.cpp, line 1514]
Event: 3.395 Thread 0x0000018996efc800 Exception <a 'java/security/PrivilegedActionException'> (0x00000000e12d1a48) thrown at [E:\Jenkins\workspace\temp\workspace\build\src\hotspot\src\share\vm\prims\jvm.cpp, line 1514]

Events (10 events):
Event: 3.430 loading class org/lwjgl/openal/ALCdevice
Event: 3.430 loading class org/lwjgl/openal/ALCdevice done
Event: 3.431 loading class org/lwjgl/openal/ALCcontext
Event: 3.431 loading class org/lwjgl/openal/ALCcontext done
Event: 3.431 loading class java/nio/DirectIntBufferU
Event: 3.431 loading class java/nio/DirectIntBufferU done
Event: 3.431 loading class org/lwjgl/openal/Util
Event: 3.431 loading class org/lwjgl/openal/Util done
Event: 3.432 loading class org/lwjgl/openal/OpenALException
Event: 3.432 loading class org/lwjgl/openal/OpenALException done


Dynamic libraries:
0x00007ff659a90000 - 0x00007ff659ae1000 	C:\Program Files\Eclipse Adoptium\jdk-8.0.402.6-hotspot\bin\javaw.exe
0x00007ff803c70000 - 0x00007ff803e87000 	C:\WINDOWS\SYSTEM32\ntdll.dll
0x00007ff802390000 - 0x00007ff802454000 	C:\WINDOWS\System32\KERNEL32.DLL
0x00007ff800fc0000 - 0x00007ff801367000 	C:\WINDOWS\System32\KERNELBASE.dll
0x00007ff803b70000 - 0x00007ff803c22000 	C:\WINDOWS\System32\ADVAPI32.dll
0x00007ff803740000 - 0x00007ff8037e7000 	C:\WINDOWS\System32\msvcrt.dll
0x00007ff802460000 - 0x00007ff802508000 	C:\WINDOWS\System32\sechost.dll
0x00007ff800f90000 - 0x00007ff800fb8000 	C:\WINDOWS\System32\bcrypt.dll
0x00007ff8035a0000 - 0x00007ff8036b5000 	C:\WINDOWS\System32\RPCRT4.dll
0x00007ff803060000 - 0x00007ff80320e000 	C:\WINDOWS\System32\USER32.dll
0x00007ff801800000 - 0x00007ff801826000 	C:\WINDOWS\System32\win32u.dll
0x00007ff803ac0000 - 0x00007ff803ae9000 	C:\WINDOWS\System32\GDI32.dll
0x00007ff801370000 - 0x00007ff801489000 	C:\WINDOWS\System32\gdi32full.dll
0x00007ff8016e0000 - 0x00007ff80177a000 	C:\WINDOWS\System32\msvcp_win.dll
0x00007ff801500000 - 0x00007ff801611000 	C:\WINDOWS\System32\ucrtbase.dll
0x00007fffe26c0000 - 0x00007fffe2953000 	C:\WINDOWS\WinSxS\amd64_microsoft.windows.common-controls_6595b64144ccf1df_6.0.22621.3527_none_270e469b73872a76\COMCTL32.dll
0x00007ff8039a0000 - 0x00007ff8039d1000 	C:\WINDOWS\System32\IMM32.DLL
0x00007ffff1c50000 - 0x00007ffff1c65000 	C:\Program Files\Eclipse Adoptium\jdk-8.0.402.6-hotspot\jre\bin\vcruntime140.dll
0x00007fffe05f0000 - 0x00007fffe068b000 	C:\Program Files\Eclipse Adoptium\jdk-8.0.402.6-hotspot\jre\bin\msvcp140.dll
0x0000000069f80000 - 0x000000006a7d9000 	C:\Program Files\Eclipse Adoptium\jdk-8.0.402.6-hotspot\jre\bin\server\jvm.dll
0x00007ff802380000 - 0x00007ff802388000 	C:\WINDOWS\System32\PSAPI.DLL
0x00007ffff7860000 - 0x00007ffff786a000 	C:\WINDOWS\SYSTEM32\VERSION.dll
0x00007ffff7df0000 - 0x00007ffff7e24000 	C:\WINDOWS\SYSTEM32\WINMM.dll
0x00007ffffafe0000 - 0x00007ffffafe9000 	C:\WINDOWS\SYSTEM32\WSOCK32.dll
0x00007ff8036c0000 - 0x00007ff803731000 	C:\WINDOWS\System32\WS2_32.dll
0x00007ff800010000 - 0x00007ff800028000 	C:\WINDOWS\SYSTEM32\kernel.appcore.dll
0x00007ffff32d0000 - 0x00007ffff32e0000 	C:\Program Files\Eclipse Adoptium\jdk-8.0.402.6-hotspot\jre\bin\verify.dll
0x00007fffdf2f0000 - 0x00007fffdf31b000 	C:\Program Files\Eclipse Adoptium\jdk-8.0.402.6-hotspot\jre\bin\java.dll
0x00007fffdc4f0000 - 0x00007fffdc508000 	C:\Program Files\Eclipse Adoptium\jdk-8.0.402.6-hotspot\jre\bin\zip.dll
0x00007ff8019a0000 - 0x00007ff8021fc000 	C:\WINDOWS\System32\SHELL32.dll
0x00007ffffee70000 - 0x00007fffff766000 	C:\WINDOWS\SYSTEM32\windows.storage.dll
0x00007ff803210000 - 0x00007ff803598000 	C:\WINDOWS\System32\combase.dll
0x00007ffffed30000 - 0x00007ffffee6e000 	C:\WINDOWS\SYSTEM32\wintypes.dll
0x00007ff802f50000 - 0x00007ff803045000 	C:\WINDOWS\System32\SHCORE.dll
0x00007ff802ef0000 - 0x00007ff802f4e000 	C:\WINDOWS\System32\shlwapi.dll
0x00007ff800ec0000 - 0x00007ff800ee1000 	C:\WINDOWS\SYSTEM32\profapi.dll
0x0000000065580000 - 0x0000000065616000 	C:\Users\crist\AppData\Local\Temp\libgdxcrist\12dfaa03\gdx64.dll
0x00007ff800680000 - 0x00007ff80069b000 	C:\WINDOWS\SYSTEM32\CRYPTSP.dll
0x00007fffffec0000 - 0x00007fffffef5000 	C:\WINDOWS\system32\rsaenh.dll
0x00007ff800500000 - 0x00007ff800528000 	C:\WINDOWS\SYSTEM32\USERENV.dll
0x00007ff801780000 - 0x00007ff8017f9000 	C:\WINDOWS\System32\bcryptprimitives.dll
0x00007ff800be0000 - 0x00007ff800bec000 	C:\WINDOWS\SYSTEM32\CRYPTBASE.dll
0x00007fffdf6c0000 - 0x00007fffdf6dc000 	C:\Program Files\Eclipse Adoptium\jdk-8.0.402.6-hotspot\jre\bin\net.dll
0x00007ff800400000 - 0x00007ff800469000 	C:\WINDOWS\system32\mswsock.dll
0x00007fffffa10000 - 0x00007fffffa3d000 	C:\WINDOWS\SYSTEM32\IPHLPAPI.DLL
0x00007ff803050000 - 0x00007ff803059000 	C:\WINDOWS\System32\NSI.dll
0x00007ffffa1d0000 - 0x00007ffffa1e9000 	C:\WINDOWS\SYSTEM32\dhcpcsvc6.DLL
0x00007ffff98e0000 - 0x00007ffff98ff000 	C:\WINDOWS\SYSTEM32\dhcpcsvc.DLL
0x00007fffffa40000 - 0x00007fffffb38000 	C:\WINDOWS\SYSTEM32\DNSAPI.dll
0x00007fffdf0a0000 - 0x00007fffdf0b3000 	C:\Program Files\Eclipse Adoptium\jdk-8.0.402.6-hotspot\jre\bin\nio.dll
0x0000000180000000 - 0x0000000180053000 	C:\Users\crist\AppData\Local\Temp\libgdxcrist\dc0f0009\lwjgl64.dll
0x00007fffa55b0000 - 0x00007fffa56b0000 	C:\WINDOWS\SYSTEM32\OPENGL32.dll
0x00007fffe0500000 - 0x00007fffe052d000 	C:\WINDOWS\SYSTEM32\GLU32.dll
0x00007ffffe1b0000 - 0x00007ffffe1e9000 	C:\WINDOWS\SYSTEM32\dxcore.dll
0x00000189b4b70000 - 0x00000189b4bd4000 	C:\Users\crist\AppData\Local\Temp\libgdxcrist\dc0f0009\OpenAL64.dll
0x00007ff8037f0000 - 0x00007ff803995000 	C:\WINDOWS\System32\ole32.dll
0x00007ffffe0a0000 - 0x00007ffffe14b000 	C:\WINDOWS\system32\uxtheme.dll
0x00007ff802200000 - 0x00007ff8022b0000 	C:\WINDOWS\System32\clbcatq.dll
0x00007ffff2130000 - 0x00007ffff21d2000 	C:\WINDOWS\SYSTEM32\dsound.dll
0x00007ffff06d0000 - 0x00007ffff0781000 	C:\WINDOWS\SYSTEM32\ResampleDmo.DLL
0x00007ff800ca0000 - 0x00007ff800ced000 	C:\WINDOWS\SYSTEM32\powrprof.dll
0x00007ff8039e0000 - 0x00007ff803ab7000 	C:\WINDOWS\System32\OLEAUT32.dll
0x00007ffff1790000 - 0x00007ffff17b9000 	C:\WINDOWS\SYSTEM32\winmmbase.dll
0x00007ffffded0000 - 0x00007ffffdedb000 	C:\WINDOWS\SYSTEM32\msdmo.dll
0x00007ff800c80000 - 0x00007ff800c93000 	C:\WINDOWS\SYSTEM32\UMPDC.dll
0x00007ffff3530000 - 0x00007ffff35cd000 	C:\WINDOWS\System32\MMDevApi.dll
0x00007ff800bb0000 - 0x00007ff800bdc000 	C:\WINDOWS\System32\DEVOBJ.dll
0x00007ff800bf0000 - 0x00007ff800c3e000 	C:\WINDOWS\SYSTEM32\cfgmgr32.dll
0x00007ffff26d0000 - 0x00007ffff28bc000 	C:\WINDOWS\SYSTEM32\AUDIOSES.DLL
0x00007ffffe850000 - 0x00007ffffea82000 	C:\WINDOWS\SYSTEM32\dbghelp.dll

VM Arguments:
jvm_args: -Duser.language=es_AR -Dfile.encoding=UTF-8 
java_command: org.uqbar.project.wollok.launch.WollokLauncher -requestsPort 0 -eventsPort 0 -folder -dontValidate -wf src/program.wpgm -darkMode
java_class_path (initial): C:\Cris\programas\desarrollo\wollok-win32.win32.x86_64\workspace\primerJuego\bin;C:\Cris\programas\desarrollo\wollok-win32.win32.x86_64\plugins\com.ibm.icu_64.2.0.v20190507-1337.jar;C:\Cris\programas\desarrollo\wollok-win32.win32.x86_64\plugins\org.eclipse.xtext_2.20.0.v20191202-0915.jar;C:\Cris\programas\desarrollo\wollok-win32.win32.x86_64\plugins\org.eclipse.emf.ecore.xmi_2.16.0.v20190528-0725.jar;C:\Cris\programas\desarrollo\wollok-win32.win32.x86_64\plugins\org.eclipse.emf.ecore_2.20.0.v20190920-0401.jar;C:\Cris\programas\desarrollo\wollok-win32.win32.x86_64\plugins\org.eclipse.emf.common_2.17.0.v20190920-0401.jar;C:\Cris\programas\desarrollo\wollok-win32.win32.x86_64\plugins\org.antlr.runtime_3.2.0.v201101311130.jar;C:\Cris\programas\desarrollo\wollok-win32.win32.x86_64\plugins\com.google.inject_3.0.0.v201605172100.jar;C:\Cris\programas\desarrollo\wollok-win32.win32.x86_64\plugins\org.eclipse.emf.mwe.core_1.5.1.v20191121-1148.jar;C:\Cris\programas\desarrollo\wollok-win32.win32.x86_64\plugins\org.apache.commons.cli_1.2.0.v201404270220.jar;C:\Cris\programas\desarrollo\wollok-win32.win32.x86_64\plugins\org.eclipse.emf.mwe2.runtime_2.11.1.v20191121-1148.jar;C:\Cris\programas\desarrollo\wollok-win32.win32.x86_64\plugins\org.eclipse.emf.mwe.utils_1.5.1.v20191121-1148.jar;C:\Cris\programas\desarrollo\wollok-win32.win32.x86_64\plugins\org.eclipse.xtext.util_2.20.0.v20191202-0915.jar;C:\Cris\programas\desarrollo\wollok-win32.win32.x86_64\plugins\com.google.guava_27.1.0.v20190517-1946.jar;C:\Cris\programas\desarrollo\wollok-win32.win32.x86_64\plugins\javax.inject_1.0.0.v20091030.jar;C:\Cris\programas\desarrollo\wollok-win32.win32.x86_64\plugins\org.eclipse.xtext.generator_2.20.0.v20191202-0933.jar;C:\Cris\programas\desarrollo\wollok-win32.win32.x86_64\plugins\org.eclipse.xtext.xtext.generator_2.20.0.v20191202-0915.jar;C:\Cris\programas\desarrollo\wollok-win32.win32.x86_64\plugins\org.eclipse.xtext.xbase.lib_2.20.0.v20191202-0907.jar;C:\Cris\
Launcher Type: SUN_STANDARD

Environment Variables:
PATH=C:/Program Files/Eclipse Adoptium/jdk-8.0.402.6-hotspot/bin/../jre/bin/server;C:/Program Files/Eclipse Adoptium/jdk-8.0.402.6-hotspot/bin/../jre/bin;C:/Program Files/Eclipse Adoptium/jdk-8.0.402.6-hotspot/bin/../jre/lib/amd64;C:\Program Files\Eclipse Adoptium\jdk-8.0.402.6-hotspot\bin;C:\Program Files (x86)\Common Files\Oracle\Java\javapath;C:\WINDOWS\system32;C:\WINDOWS;C:\WINDOWS\System32\Wbem;C:\WINDOWS\System32\WindowsPowerShell\v1.0\;C:\WINDOWS\System32\OpenSSH\;C:\Program Files\nodejs\;C:\Program Files\MySQL\MySQL Server 8.0\bin;C:\Program Files\Git\cmd;C:\Users\crist\.console-ninja\.bin;C:\Program Files\MySQL\MySQL Shell 8.0\bin\;C:\Users\crist\AppData\Local\Microsoft\WindowsApps;;C:\Users\crist\AppData\Local\Programs\Microsoft VS Code\bin;C:\Users\crist\AppData\Roaming\npm;%USERPROFILE%\AppData\Local\Microsoft\WindowsApps;C:\Cris\programas\desarrollo\wollok-win32.win32.x86_64;
USERNAME=crist
OS=Windows_NT
PROCESSOR_IDENTIFIER=AMD64 Family 23 Model 104 Stepping 1, AuthenticAMD



---------------  S Y S T E M  ---------------

OS: Windows 11 , 64 bit Build 22621 (10.0.22621.3527)

CPU:total 16 (initial active 16) (16 cores per cpu, 1 threads per core) family 23 model 104 stepping 1, cmov, cx8, fxsr, mmx, sse, sse2, sse3, ssse3, sse4.1, sse4.2, popcnt, avx, avx2, aes, clmul, mmxext, 3dnowpref, lzcnt, sse4a, tsc, tscinvbit, tscinv, bmi1

Memory: 4k page, physical 6149880k(1032116k free), swap 16111352k(5034364k free)

vm_info: OpenJDK 64-Bit Server VM (25.402-b06) for windows-amd64 JRE (1.8.0_402-b06), built on Jan 16 2024 21:53:06 by "jenkins" with MS VC++ 15.9 (VS2017)

time: Tue Jun  4 10:32:01 2024
timezone: Hora estándar de Argentina
elapsed time: 3.478257 seconds (0d 0h 0m 3s)

